#
# A fatal error has been detected by the Java Runtime Environment:
#
#  SIGILL (0x4) at pc=0x00007fa20421dfb0, pid=15122, tid=15140
#
# JRE version: OpenJDK Runtime Environment (11.0.9.1+1) (build 11.0.9.1+1-post-Debian-1deb10u2)
# Java VM: OpenJDK 64-Bit Server VM (11.0.9.1+1-post-Debian-1deb10u2, mixed mode, sharing, tiered, compressed oops, g1 gc, linux-amd64)
# Problematic frame:
# V  [libjvm.so+0x867fb0]
#
# No core dump will be written. Core dumps have been disabled. To enable core dumping, try "ulimit -c unlimited" before starting Java again
#
# If you would like to submit a bug report, please visit:
#   https://bugs.debian.org/openjdk-11
#

---------------  S U M M A R Y ------------

Command Line: -Dapplication.home=/usr/lib/jvm/java-11-openjdk-amd64 --add-modules=ALL-DEFAULT -Xms8m -Djdk.module.main=jdk.compiler jdk.compiler/com.sun.tools.javac.Main -Xlint -sourcepath /home/carper/local/projects/sbdemo/microservices/product-composite-service/src/main/java/ -d /tmp/vk7D8vg/60 /tmp/vk7D8vg/61/ProductCompositeServiceImpl.java

Host: Intel(R) Core(TM) i7-3520M CPU @ 2.90GHz, 4 cores, 7G, MX 19.2 patito feo
Time: Fri Mar  5 11:56:03 2021 EST elapsed time: 0.082740 seconds (0d 0h 0m 0s)

---------------  T H R E A D  ---------------

Current thread (0x00007fa1ac076800):  JavaThread "C2 CompilerThread1" daemon [_thread_in_native, id=15140, stack(0x00007fa1cf1fa000,0x00007fa1cf2fb000)]


Current CompileTask:
C2:     82  155       4       java.util.HashMap::newNode (13 bytes)

Stack: [0x00007fa1cf1fa000,0x00007fa1cf2fb000],  sp=0x00007fa1cf2f6718,  free space=1009k
Native frames: (J=compiled Java code, A=aot compiled Java code, j=interpreted, Vv=VM code, C=native code)
V  [libjvm.so+0x867fb0]
V  [libjvm.so+0xb8aa7f]
V  [libjvm.so+0x5f0889]
V  [libjvm.so+0x5f48f9]
V  [libjvm.so+0x51d8b0]
V  [libjvm.so+0x5fd9d7]
V  [libjvm.so+0x5fecf8]
V  [libjvm.so+0xdb4bd0]
V  [libjvm.so+0xdb0a89]
V  [libjvm.so+0xb75f1e]


siginfo: si_signo: 4 (SIGILL), si_code: 2 (ILL_ILLOPN), si_addr: 0x00007fa20421dfb0

Register to memory mapping:

RAX=0x00007fa1a802152c points into unknown readable memory: ff ff ff ff
RBX=0x00007fa1cf2f6780 is pointing into the stack for thread: 0x00007fa1ac076800
RCX=0x0000000000000001 is an unknown value
RDX=0x0000000000000003 is an unknown value
RSP=0x00007fa1cf2f6718 is pointing into the stack for thread: 0x00007fa1ac076800
RBP=0x00007fa1cf2f67f0 is pointing into the stack for thread: 0x00007fa1ac076800
RSI=0x0000000000000001 is an unknown value
RDI=0x00007fa1cf2f67a0 is pointing into the stack for thread: 0x00007fa1ac076800
R8 =0x00007fa1cf2f67a0 is pointing into the stack for thread: 0x00007fa1ac076800
R9 =0x00000000000002de is an unknown value
R10=0xffffffffffffffff is an unknown value
R11=0x0000000000000010 is an unknown value
R12=0x0000000000000002 is an unknown value
R13=0x00007fa1cf2f8f50 is pointing into the stack for thread: 0x00007fa1ac076800
R14=0x0000000000000021 is an unknown value
R15=0x00007fa1cf2f67a0 is pointing into the stack for thread: 0x00007fa1ac076800


Registers:
RAX=0x00007fa1a802152c, RBX=0x00007fa1cf2f6780, RCX=0x0000000000000001, RDX=0x0000000000000003
RSP=0x00007fa1cf2f6718, RBP=0x00007fa1cf2f67f0, RSI=0x0000000000000001, RDI=0x00007fa1cf2f67a0
R8 =0x00007fa1cf2f67a0, R9 =0x00000000000002de, R10=0xffffffffffffffff, R11=0x0000000000000010
R12=0x0000000000000002, R13=0x00007fa1cf2f8f50, R14=0x0000000000000021, R15=0x00007fa1cf2f67a0
RIP=0x00007fa20421dfb0, EFLAGS=0x0000000000010206, CSGSFS=0x002b000000000033, ERR=0x0000000000000000
  TRAPNO=0x0000000000000006

Top of Stack: (sp=0x00007fa1cf2f6718)
0x00007fa1cf2f6718:   00007fa20453fcc8 0000000000000000
0x00007fa1cf2f6728:   00007fa203f6c160 00007fa1cf2f97f8
0x00007fa1cf2f6738:   00007fa1cf2f6640 0000000000000025
0x00007fa1cf2f6748:   00007fa1cf2f67a0 00007fa1cf2f6780 

Instructions: (pc=0x00007fa20421dfb0)
0x00007fa20421deb0:   01 21 d1 38 d1 74 0d 41 0f b6 4c 24 30 09 ca 41
0x00007fa20421dec0:   88 54 24 30 4d 8b 6c 24 30 49 c1 ed 10 48 85 c0
0x00007fa20421ded0:   0f 84 42 02 00 00 48 8b 55 b8 48 89 c1 48 29 d1
0x00007fa20421dee0:   48 83 f9 08 0f 86 96 03 00 00 48 85 d2 0f 84 b8
0x00007fa20421def0:   00 00 00 80 7d d8 00 0f 84 e3 02 00 00 4c 89 e8
0x00007fa20421df00:   48 83 e0 80 0f 84 56 06 00 00 44 89 e8 83 c8 80
0x00007fa20421df10:   88 02 4c 89 e8 48 c1 e8 07 48 89 c1 48 83 e1 80
0x00007fa20421df20:   0f 84 0a 07 00 00 83 c8 80 88 42 01 4c 89 e8 48
0x00007fa20421df30:   c1 e8 0e 48 89 c1 48 83 e1 80 0f 84 f0 05 00 00
0x00007fa20421df40:   83 c8 80 88 42 02 4c 89 e8 48 c1 e8 15 a9 80 ff
0x00007fa20421df50:   ff 07 0f 84 e8 06 00 00 83 c8 80 88 42 03 4c 89
0x00007fa20421df60:   e8 48 c1 e8 1c a9 80 ff 0f 00 0f 84 17 07 00 00
0x00007fa20421df70:   83 c8 80 88 42 04 4c 89 e8 48 c1 e8 23 a9 80 1f
0x00007fa20421df80:   00 00 0f 84 19 07 00 00 49 c1 ed 2a 83 c8 80 44
0x00007fa20421df90:   88 6a 06 88 42 05 b8 07 00 00 00 0f 1f 44 00 00
0x00007fa20421dfa0:   48 01 c2 48 8b 45 c0 48 89 55 b8 45 31 e4 48 85
0x00007fa20421dfb0:   db 74 2b 48 8d 15 8e d0 99 00 0f b6 4b 50 80 3a
0x00007fa20421dfc0:   00 0f 95 c2 83 c2 01 21 d1 38 d1 74 09 0f b6 4b
0x00007fa20421dfd0:   50 09 ca 88 53 50 4c 8b 63 50 49 c1 ec 10 48 85
0x00007fa20421dfe0:   c0 0f 84 6c 01 00 00 48 8b 55 b8 48 89 c1 48 29
0x00007fa20421dff0:   d1 48 83 f9 08 0f 86 25 02 00 00 48 85 d2 0f 84
0x00007fa20421e000:   48 8b 77 18 c7 07 00 00 00 00 48 85 f6 74 e8 55
0x00007fa20421e010:   48 89 e5 53 48 89 fb 48 83 ec 08 e8 70 8d f5 ff
0x00007fa20421e020:   48 c7 43 18 00 00 00 00 48 83 c4 08 5b 5d c3 90
0x00007fa20421e030:   55 31 f6 bf 00 08 00 00 48 89 e5 41 57 41 56 41
0x00007fa20421e040:   55 41 54 53 48 81 ec e8 00 00 00 48 8d 05 0e 21
0x00007fa20421e050:   88 00 48 c7 45 98 00 00 00 00 48 83 c0 10 48 89
0x00007fa20421e060:   45 90 e8 a9 87 3b 00 48 89 c2 48 85 c0 74 2e 48
0x00007fa20421e070:   8d 78 08 48 89 c1 48 c7 00 00 00 00 00 48 c7 80
0x00007fa20421e080:   f8 07 00 00 00 00 00 00 48 83 e7 f8 31 c0 48 29
0x00007fa20421e090:   f9 81 c1 00 08 00 00 c1 e9 03 f3 48 ab 66 0f ef
0x00007fa20421e0a0:   c0 48 8d 05 f0 ef 92 00 48 8d 7d 90 48 89 55 a0 


Stack slot to memory mapping:
stack at sp + 0 slots: 0x00007fa20453fcc8: <offset 0x0000000000b89cc8> in /usr/lib/jvm/java-11-openjdk-amd64/lib/server/libjvm.so at 0x00007fa2039b6000
stack at sp + 1 slots: 0x0 is NULL
stack at sp + 2 slots: 0x00007fa203f6c160: <offset 0x00000000005b6160> in /usr/lib/jvm/java-11-openjdk-amd64/lib/server/libjvm.so at 0x00007fa2039b6000
stack at sp + 3 slots: 0x00007fa1cf2f97f8 is pointing into the stack for thread: 0x00007fa1ac076800
stack at sp + 4 slots: 0x00007fa1cf2f6640 is pointing into the stack for thread: 0x00007fa1ac076800
stack at sp + 5 slots: 0x0000000000000025 is an unknown value
stack at sp + 6 slots: 0x00007fa1cf2f67a0 is pointing into the stack for thread: 0x00007fa1ac076800
stack at sp + 7 slots: 0x00007fa1cf2f6780 is pointing into the stack for thread: 0x00007fa1ac076800


---------------  P R O C E S S  ---------------

Threads class SMR info:
_java_thread_list=0x00007fa1ac078160, length=9, elements={
0x00007fa1fc016800, 0x00007fa1fc0b0800, 0x00007fa1fc0b2800, 0x00007fa1fc0b8000,
0x00007fa1fc0ba000, 0x00007fa1fc0bc000, 0x00007fa1fc0be000, 0x00007fa1fc0ec000,
0x00007fa1ac076800
}

Java Threads: ( => current thread )
  0x00007fa1fc016800 
[error occurred during error reporting (printing all threads), id 0xb, SIGSEGV (0xb) at pc=0x00007fa204765e0b]

VM state:not at safepoint (normal execution)

VM Mutex/Monitor currently owned by a thread: None

Heap address: 0x0000000084c00000, size: 1972 MB, Compressed Oops mode: 32-bit
Narrow klass base: 0x0000000800000000, Narrow klass shift: 3
Compressed class space size: 1073741824 Address: 0x0000000840000000

Heap:
 garbage-first heap   total 10240K, used 1736K [0x0000000084c00000, 0x0000000100000000)
  region size 1024K, 2 young (2048K), 0 survivors (0K)
 Metaspace       used 360K, capacity 4515K, committed 4864K, reserved 1056768K
  class space    used 29K, capacity 398K, committed 512K, reserved 1048576K
Heap Regions: E=young(eden), S=young(survivor), O=old, HS=humongous(starts), HC=humongous(continues), CS=collection set, F=free, A=archive, TAMS=top-at-mark-start (previous, next)
|   0|0x0000000084c00000, 0x0000000084c00000, 0x0000000084d00000|  0%| F|  |TAMS 0x0000000084c00000, 0x0000000084c00000| Untracked 
|   1|0x0000000084d00000, 0x0000000084d00000, 0x0000000084e00000|  0%| F|  |TAMS 0x0000000084d00000, 0x0000000084d00000| Untracked 
|   2|0x0000000084e00000, 0x0000000084e00000, 0x0000000084f00000|  0%| F|  |TAMS 0x0000000084e00000, 0x0000000084e00000| Untracked 
|   3|0x0000000084f00000, 0x0000000084f00000, 0x0000000085000000|  0%| F|  |TAMS 0x0000000084f00000, 0x0000000084f00000| Untracked 
|   4|0x0000000085000000, 0x0000000085000000, 0x0000000085100000|  0%| F|  |TAMS 0x0000000085000000, 0x0000000085000000| Untracked 
|   5|0x0000000085100000, 0x0000000085100000, 0x0000000085200000|  0%| F|  |TAMS 0x0000000085100000, 0x0000000085100000| Untracked 
|   6|0x0000000085200000, 0x000000008521f7a0, 0x0000000085300000| 12%| E|  |TAMS 0x0000000085200000, 0x0000000085200000| Complete 
|   7|0x0000000085300000, 0x0000000085400000, 0x0000000085400000|100%| E|CS|TAMS 0x0000000085300000, 0x0000000085300000| Complete 
|1970|0x00000000ffe00000, 0x00000000ffe47000, 0x00000000fff00000| 27%|OA|  |TAMS 0x00000000ffe00000, 0x00000000ffe00000| Untracked 
|1971|0x00000000fff00000, 0x00000000fff6b000, 0x0000000100000000| 41%|CA|  |TAMS 0x00000000fff00000, 0x00000000fff00000| Untracked 

Card table byte_map: [0x00007fa20268f000,0x00007fa202a69000] _byte_map_base: 0x00007fa202269000

Marking Bits (Prev, Next): (CMBitMap*) 0x00007fa1fc056f38, (CMBitMap*) 0x00007fa1fc056f70
 Prev Bits: [0x00007fa2003e5000, 0x00007fa2022b5000)
 Next Bits: [0x00007fa1de130000, 0x00007fa1e0000000)

Polling page: 0x00007fa20355b000

Metaspace:

Usage:
  Non-class:      4.02 MB capacity,   330.55 KB (  8%) used,     3.70 MB ( 92%) free+waste,     1.38 KB ( <1%) overhead. 
      Class:    398.00 KB capacity,    29.95 KB (  8%) used,   367.11 KB ( 92%) free+waste,   960 bytes ( <1%) overhead. 
       Both:      4.41 MB capacity,   360.51 KB (  8%) used,     4.05 MB ( 92%) free+waste,     2.31 KB ( <1%) overhead. 

Virtual space:
  Non-class space:        8.00 MB reserved,       4.25 MB ( 53%) committed 
      Class space:        1.00 GB reserved,     512.00 KB ( <1%) committed 
             Both:        1.01 GB reserved,       4.75 MB ( <1%) committed 

Chunk freelists:
   Non-Class:  0 bytes
       Class:  0 bytes
        Both:  0 bytes

MaxMetaspaceSize: unlimited
CompressedClassSpaceSize: 1.00 GB

CodeHeap 'non-profiled nmethods': size=120032Kb used=45Kb max_used=45Kb free=119986Kb
 bounds [0x00007fa1ec361000, 0x00007fa1ec5d1000, 0x00007fa1f3899000]
CodeHeap 'profiled nmethods': size=120032Kb used=187Kb max_used=187Kb free=119844Kb
 bounds [0x00007fa1e4e29000, 0x00007fa1e5099000, 0x00007fa1ec361000]
CodeHeap 'non-nmethods': size=5696Kb used=1036Kb max_used=1036Kb free=4659Kb
 bounds [0x00007fa1e4899000, 0x00007fa1e4b09000, 0x00007fa1e4e29000]
 total_blobs=451 nmethods=164 adapters=196
 compilation: enabled
              stopped_count=0, restarted_count=0
 full_count=0

Compilation events (20 events):
Event: 0.060 Thread 0x00007fa1ac076800 nmethod 152 0x00007fa1ec36b210 code [0x00007fa1ec36b3a0, 0x00007fa1ec36b458]
Event: 0.060 Thread 0x00007fa1fc0bc000 nmethod 151 0x00007fa1e4e55410 code [0x00007fa1e4e555e0, 0x00007fa1e4e55890]
Event: 0.060 Thread 0x00007fa1ac076800  155       4       java.util.HashMap::newNode (13 bytes)
Event: 0.060 Thread 0x00007fa1fc0bc000  156       3       java.util.HashSet::<init> (16 bytes)
Event: 0.061 Thread 0x00007fa1fc0bc000 nmethod 156 0x00007fa1e4e55990 code [0x00007fa1e4e55b80, 0x00007fa1e4e55fb0]
Event: 0.061 Thread 0x00007fa1fc0bc000  157       1       java.lang.module.ResolvedModule::configuration (5 bytes)
Event: 0.061 Thread 0x00007fa1fc0bc000 nmethod 157 0x00007fa1ec36b510 code [0x00007fa1ec36b6c0, 0x00007fa1ec36b790]
Event: 0.061 Thread 0x00007fa1fc0bc000  158       3       java.util.Collections$UnmodifiableCollection$1::hasNext (10 bytes)
Event: 0.061 Thread 0x00007fa1fc0bc000 nmethod 158 0x00007fa1e4e56110 code [0x00007fa1e4e562c0, 0x00007fa1e4e564a0]
Event: 0.061 Thread 0x00007fa1fc0bc000  159       3       java.lang.module.ResolvedModule::name (11 bytes)
Event: 0.061 Thread 0x00007fa1fc0bc000 nmethod 159 0x00007fa1e4e56590 code [0x00007fa1e4e56740, 0x00007fa1e4e568d0]
Event: 0.061 Thread 0x00007fa1fc0bc000  160       1       java.lang.module.ModuleDescriptor::isOpen (5 bytes)
Event: 0.061 Thread 0x00007fa1fc0bc000 nmethod 160 0x00007fa1ec36b810 code [0x00007fa1ec36b9c0, 0x00007fa1ec36ba90]
Event: 0.061 Thread 0x00007fa1fc0bc000  161       1       java.lang.module.ModuleDescriptor$Provides::service (5 bytes)
Event: 0.061 Thread 0x00007fa1fc0bc000 nmethod 161 0x00007fa1ec36bb10 code [0x00007fa1ec36bcc0, 0x00007fa1ec36bd90]
Event: 0.062 Thread 0x00007fa1fc0bc000  162       3       java.util.HashMap$ValueIterator::next (8 bytes)
Event: 0.062 Thread 0x00007fa1fc0bc000 nmethod 162 0x00007fa1e4e56990 code [0x00007fa1e4e56b40, 0x00007fa1e4e56c80]
Event: 0.063 Thread 0x00007fa1fc0bc000  163       3       jdk.internal.module.ModuleBootstrap$2::hasNext (30 bytes)
Event: 0.063 Thread 0x00007fa1fc0bc000 nmethod 163 0x00007fa1e4e56d90 code [0x00007fa1e4e56f60, 0x00007fa1e4e572b0]
Event: 0.063 Thread 0x00007fa1fc0bc000  164       3       jdk.internal.module.ModuleBootstrap$2::next (52 bytes)

GC Heap History (0 events):
No events

Deoptimization events (0 events):
No events

Classes redefined (0 events):
No events

Internal exceptions (0 events):
No events

Events (20 events):
Event: 0.027 loading class java/lang/Module$ReflectionData
Event: 0.027 loading class java/lang/Module$ReflectionData done
Event: 0.027 loading class java/lang/WeakPairMap
Event: 0.027 loading class java/lang/WeakPairMap done
Event: 0.027 loading class java/lang/WeakPairMap$Pair
Event: 0.027 loading class java/lang/WeakPairMap$Pair done
Event: 0.027 loading class java/lang/WeakPairMap$Pair$Lookup
Event: 0.027 loading class java/lang/WeakPairMap$Pair$Lookup done
Event: 0.033 Thread 0x00007fa1fc0ec000 Thread added: 0x00007fa1fc0ec000
Event: 0.033 Protecting memory [0x00007fa1cf2fb000,0x00007fa1cf2ff000] with protection modes 0
Event: 0.037 loading class java/lang/invoke/DirectMethodHandle$Interface
Event: 0.037 loading class java/lang/invoke/DirectMethodHandle$Interface done
Event: 0.042 loading class java/lang/module/Resolver
Event: 0.042 loading class java/lang/module/Resolver done
Event: 0.042 loading class java/lang/module/ModuleFinder$1
Event: 0.042 loading class java/lang/module/ModuleFinder$1 done
Event: 0.044 loading class java/util/LinkedHashSet
Event: 0.044 loading class java/util/LinkedHashSet done
Event: 0.053 Thread 0x00007fa1ac076800 Thread added: 0x00007fa1ac076800
Event: 0.053 Protecting memory [0x00007fa1cf1fa000,0x00007fa1cf1fe000] with protection modes 0


Dynamic libraries:
84c00000-85400000 rw-p 00000000 00:00 0 
85400000-ffe00000 ---p 00000000 00:00 0 
ffe00000-ffe47000 rw-p 01111000 08:12 398318                             /usr/lib/jvm/java-11-openjdk-amd64/lib/server/classes.jsa
ffe47000-fff00000 rw-p 00000000 00:00 0 
fff00000-fff6b000 rw-p 010a6000 08:12 398318                             /usr/lib/jvm/java-11-openjdk-amd64/lib/server/classes.jsa
fff6b000-100000000 rw-p 00000000 00:00 0 
800000000-800002000 rwxp 00001000 08:12 398318                           /usr/lib/jvm/java-11-openjdk-amd64/lib/server/classes.jsa
800002000-8003b9000 rw-p 00003000 08:12 398318                           /usr/lib/jvm/java-11-openjdk-amd64/lib/server/classes.jsa
8003b9000-800a96000 r--p 003ba000 08:12 398318                           /usr/lib/jvm/java-11-openjdk-amd64/lib/server/classes.jsa
800a96000-800a97000 rw-p 00a97000 08:12 398318                           /usr/lib/jvm/java-11-openjdk-amd64/lib/server/classes.jsa
800a97000-8010a5000 r--p 00a98000 08:12 398318                           /usr/lib/jvm/java-11-openjdk-amd64/lib/server/classes.jsa
840000000-840080000 rw-p 00000000 00:00 0 
840080000-880000000 ---p 00000000 00:00 0 
559107514000-559107515000 r--p 00000000 08:12 398097                     /usr/lib/jvm/java-11-openjdk-amd64/bin/javac
559107515000-559107516000 r-xp 00001000 08:12 398097                     /usr/lib/jvm/java-11-openjdk-amd64/bin/javac
559107516000-559107517000 r--p 00002000 08:12 398097                     /usr/lib/jvm/java-11-openjdk-amd64/bin/javac
559107517000-559107518000 r--p 00002000 08:12 398097                     /usr/lib/jvm/java-11-openjdk-amd64/bin/javac
559107518000-559107519000 rw-p 00003000 08:12 398097                     /usr/lib/jvm/java-11-openjdk-amd64/bin/javac
559107dc6000-559107de7000 rw-p 00000000 00:00 0                          [heap]
7fa198000000-7fa19807d000 rw-p 00000000 00:00 0 
7fa19807d000-7fa19c000000 ---p 00000000 00:00 0 
7fa1a0000000-7fa1a0021000 rw-p 00000000 00:00 0 
7fa1a0021000-7fa1a4000000 ---p 00000000 00:00 0 
7fa1a4000000-7fa1a4021000 rw-p 00000000 00:00 0 
7fa1a4021000-7fa1a8000000 ---p 00000000 00:00 0 
7fa1a8000000-7fa1a820b000 rw-p 00000000 00:00 0 
7fa1a820b000-7fa1ac000000 ---p 00000000 00:00 0 
7fa1ac000000-7fa1ac0a9000 rw-p 00000000 00:00 0 
7fa1ac0a9000-7fa1b0000000 ---p 00000000 00:00 0 
7fa1b0000000-7fa1b0021000 rw-p 00000000 00:00 0 
7fa1b0021000-7fa1b4000000 ---p 00000000 00:00 0 
7fa1b7bcc000-7fa1bc000000 r--p 00000000 08:12 400967                     /usr/lib/locale/locale-archive
7fa1bc000000-7fa1bc021000 rw-p 00000000 00:00 0 
7fa1bc021000-7fa1c0000000 ---p 00000000 00:00 0 
7fa1c0000000-7fa1c0021000 rw-p 00000000 00:00 0 
7fa1c0021000-7fa1c4000000 ---p 00000000 00:00 0 
7fa1c4000000-7fa1c4021000 rw-p 00000000 00:00 0 
7fa1c4021000-7fa1c8000000 ---p 00000000 00:00 0 
7fa1c8000000-7fa1c8021000 rw-p 00000000 00:00 0 
7fa1c8021000-7fa1cc000000 ---p 00000000 00:00 0 
7fa1cf1fa000-7fa1cf1fe000 ---p 00000000 00:00 0 
7fa1cf1fe000-7fa1cf2fb000 rw-p 00000000 00:00 0 
7fa1cf2fb000-7fa1cf2ff000 ---p 00000000 00:00 0 
7fa1cf2ff000-7fa1cf3fc000 rw-p 00000000 00:00 0 
7fa1cf3fc000-7fa1cf400000 ---p 00000000 00:00 0 
7fa1cf400000-7fa1cf4fd000 rw-p 00000000 00:00 0 
7fa1cf4fd000-7fa1cf501000 ---p 00000000 00:00 0 
7fa1cf501000-7fa1cf5fe000 rw-p 00000000 00:00 0 
7fa1cf5fe000-7fa1cf602000 ---p 00000000 00:00 0 
7fa1cf602000-7fa1cf6ff000 rw-p 00000000 00:00 0 
7fa1cf6ff000-7fa1cf703000 ---p 00000000 00:00 0 
7fa1cf703000-7fa1cfc40000 rw-p 00000000 00:00 0 
7fa1cfc40000-7fa1d0000000 ---p 00000000 00:00 0 
7fa1d0000000-7fa1d0021000 rw-p 00000000 00:00 0 
7fa1d0021000-7fa1d4000000 ---p 00000000 00:00 0 
7fa1d4000000-7fa1d4021000 rw-p 00000000 00:00 0 
7fa1d4021000-7fa1d8000000 ---p 00000000 00:00 0 
7fa1d8000000-7fa1d8021000 rw-p 00000000 00:00 0 
7fa1d8021000-7fa1dc000000 ---p 00000000 00:00 0 
7fa1dc02f000-7fa1dc033000 ---p 00000000 00:00 0 
7fa1dc033000-7fa1de150000 rw-p 00000000 00:00 0 
7fa1de150000-7fa1dfff8000 ---p 00000000 00:00 0 
7fa1dfff8000-7fa1e0000000 rw-p 00000000 00:00 0 
7fa1e0000000-7fa1e0021000 rw-p 00000000 00:00 0 
7fa1e0021000-7fa1e4000000 ---p 00000000 00:00 0 
7fa1e40b3000-7fa1e40b7000 ---p 00000000 00:00 0 
7fa1e40b7000-7fa1e41b4000 rw-p 00000000 00:00 0 
7fa1e41b4000-7fa1e41b5000 ---p 00000000 00:00 0 
7fa1e41b5000-7fa1e4392000 rw-p 00000000 00:00 0 
7fa1e4392000-7fa1e4393000 ---p 00000000 00:00 0 
7fa1e4393000-7fa1e4494000 rw-p 00000000 00:00 0 
7fa1e4494000-7fa1e4495000 ---p 00000000 00:00 0 
7fa1e4495000-7fa1e4899000 rw-p 00000000 00:00 0 
7fa1e4899000-7fa1e4b09000 rwxp 00000000 00:00 0 
7fa1e4b09000-7fa1e4e29000 ---p 00000000 00:00 0 
7fa1e4e29000-7fa1e5099000 rwxp 00000000 00:00 0 
7fa1e5099000-7fa1ec361000 ---p 00000000 00:00 0 
7fa1ec361000-7fa1ec5d1000 rwxp 00000000 00:00 0 
7fa1ec5d1000-7fa1f3899000 ---p 00000000 00:00 0 
7fa1f3899000-7fa1fc000000 r--s 00000000 08:12 479466                     /usr/lib/jvm/java-11-openjdk-amd64/lib/modules
7fa1fc000000-7fa1fc11c000 rw-p 00000000 00:00 0 
7fa1fc11c000-7fa200000000 ---p 00000000 00:00 0 
7fa200034000-7fa20019f000 rw-p 00000000 00:00 0 
7fa20019f000-7fa2001a0000 ---p 00000000 00:00 0 
7fa2001a0000-7fa2002a1000 rw-p 00000000 00:00 0 
7fa2002a1000-7fa2002a2000 ---p 00000000 00:00 0 
7fa2002a2000-7fa200405000 rw-p 00000000 00:00 0 
7fa200405000-7fa2022ad000 ---p 00000000 00:00 0 
7fa2022ad000-7fa2022b9000 rw-p 00000000 00:00 0 
7fa2022b9000-7fa20268e000 ---p 00000000 00:00 0 
7fa20268e000-7fa202693000 rw-p 00000000 00:00 0 
7fa202693000-7fa202a68000 ---p 00000000 00:00 0 
7fa202a68000-7fa202a6d000 rw-p 00000000 00:00 0 
7fa202a6d000-7fa202e42000 ---p 00000000 00:00 0 
7fa202e42000-7fa203247000 rw-p 00000000 00:00 0 
7fa203247000-7fa203248000 ---p 00000000 00:00 0 
7fa203248000-7fa20334e000 rw-p 00000000 00:00 0 
7fa20334e000-7fa203434000 ---p 00000000 00:00 0 
7fa203434000-7fa203439000 rw-p 00000000 00:00 0 
7fa203439000-7fa20351f000 ---p 00000000 00:00 0 
7fa20351f000-7fa203524000 rw-p 00000000 00:00 0 
7fa203524000-7fa20352b000 ---p 00000000 00:00 0 
7fa20352b000-7fa20352e000 r--p 00000000 08:12 404652                     /usr/lib/x86_64-linux-gnu/libnss_files-2.28.so
7fa20352e000-7fa203535000 r-xp 00003000 08:12 404652                     /usr/lib/x86_64-linux-gnu/libnss_files-2.28.so
7fa203535000-7fa203537000 r--p 0000a000 08:12 404652                     /usr/lib/x86_64-linux-gnu/libnss_files-2.28.so
7fa203537000-7fa203538000 ---p 0000c000 08:12 404652                     /usr/lib/x86_64-linux-gnu/libnss_files-2.28.so
7fa203538000-7fa203539000 r--p 0000c000 08:12 404652                     /usr/lib/x86_64-linux-gnu/libnss_files-2.28.so
7fa203539000-7fa20353a000 rw-p 0000d000 08:12 404652                     /usr/lib/x86_64-linux-gnu/libnss_files-2.28.so
7fa20353a000-7fa203540000 rw-p 00000000 00:00 0 
7fa203547000-7fa203549000 r--s 00007000 08:12 332062                     /usr/share/java/java-atk-wrapper.jar
7fa203549000-7fa20354b000 r--p 00000000 08:12 479465                     /usr/lib/jvm/java-11-openjdk-amd64/lib/libzip.so
7fa20354b000-7fa20354f000 r-xp 00002000 08:12 479465                     /usr/lib/jvm/java-11-openjdk-amd64/lib/libzip.so
7fa20354f000-7fa203551000 r--p 00006000 08:12 479465                     /usr/lib/jvm/java-11-openjdk-amd64/lib/libzip.so
7fa203551000-7fa203552000 r--p 00007000 08:12 479465                     /usr/lib/jvm/java-11-openjdk-amd64/lib/libzip.so
7fa203552000-7fa203553000 rw-p 00008000 08:12 479465                     /usr/lib/jvm/java-11-openjdk-amd64/lib/libzip.so
7fa203553000-7fa20355b000 rw-s 00000000 08:12 231                        /tmp/hsperfdata_carper/15122
7fa20355b000-7fa20355c000 ---p 00000000 00:00 0 
7fa20355c000-7fa20355d000 r--p 00000000 00:00 0 
7fa20355d000-7fa20356b000 r--p 00000000 08:12 479444                     /usr/lib/jvm/java-11-openjdk-amd64/lib/libjava.so
7fa20356b000-7fa203580000 r-xp 0000e000 08:12 479444                     /usr/lib/jvm/java-11-openjdk-amd64/lib/libjava.so
7fa203580000-7fa203587000 r--p 00023000 08:12 479444                     /usr/lib/jvm/java-11-openjdk-amd64/lib/libjava.so
7fa203587000-7fa203588000 r--p 00029000 08:12 479444                     /usr/lib/jvm/java-11-openjdk-amd64/lib/libjava.so
7fa203588000-7fa203589000 rw-p 0002a000 08:12 479444                     /usr/lib/jvm/java-11-openjdk-amd64/lib/libjava.so
7fa203589000-7fa20358a000 rw-p 00000000 00:00 0 
7fa20358a000-7fa20358c000 r--p 00000000 08:12 404927                     /usr/lib/x86_64-linux-gnu/librt-2.28.so
7fa20358c000-7fa203590000 r-xp 00002000 08:12 404927                     /usr/lib/x86_64-linux-gnu/librt-2.28.so
7fa203590000-7fa203592000 r--p 00006000 08:12 404927                     /usr/lib/x86_64-linux-gnu/librt-2.28.so
7fa203592000-7fa203593000 r--p 00007000 08:12 404927                     /usr/lib/x86_64-linux-gnu/librt-2.28.so
7fa203593000-7fa203594000 rw-p 00008000 08:12 404927                     /usr/lib/x86_64-linux-gnu/librt-2.28.so
7fa203594000-7fa203598000 ---p 00000000 00:00 0 
7fa203598000-7fa203695000 rw-p 00000000 00:00 0 
7fa203695000-7fa203698000 r--p 00000000 08:12 404082                     /usr/lib/x86_64-linux-gnu/libgcc_s.so.1
7fa203698000-7fa2036a9000 r-xp 00003000 08:12 404082                     /usr/lib/x86_64-linux-gnu/libgcc_s.so.1
7fa2036a9000-7fa2036ac000 r--p 00014000 08:12 404082                     /usr/lib/x86_64-linux-gnu/libgcc_s.so.1
7fa2036ac000-7fa2036ad000 ---p 00017000 08:12 404082                     /usr/lib/x86_64-linux-gnu/libgcc_s.so.1
7fa2036ad000-7fa2036ae000 r--p 00017000 08:12 404082                     /usr/lib/x86_64-linux-gnu/libgcc_s.so.1
7fa2036ae000-7fa2036af000 rw-p 00018000 08:12 404082                     /usr/lib/x86_64-linux-gnu/libgcc_s.so.1
7fa2036af000-7fa2036bc000 r--p 00000000 08:12 404485                     /usr/lib/x86_64-linux-gnu/libm-2.28.so
7fa2036bc000-7fa20375b000 r-xp 0000d000 08:12 404485                     /usr/lib/x86_64-linux-gnu/libm-2.28.so
7fa20375b000-7fa203830000 r--p 000ac000 08:12 404485                     /usr/lib/x86_64-linux-gnu/libm-2.28.so
7fa203830000-7fa203831000 r--p 00180000 08:12 404485                     /usr/lib/x86_64-linux-gnu/libm-2.28.so
7fa203831000-7fa203832000 rw-p 00181000 08:12 404485                     /usr/lib/x86_64-linux-gnu/libm-2.28.so
7fa203832000-7fa2038bb000 r--p 00000000 08:12 405032                     /usr/lib/x86_64-linux-gnu/libstdc++.so.6.0.25
7fa2038bb000-7fa203967000 r-xp 00089000 08:12 405032                     /usr/lib/x86_64-linux-gnu/libstdc++.so.6.0.25
7fa203967000-7fa2039a5000 r--p 00135000 08:12 405032                     /usr/lib/x86_64-linux-gnu/libstdc++.so.6.0.25
7fa2039a5000-7fa2039a6000 ---p 00173000 08:12 405032                     /usr/lib/x86_64-linux-gnu/libstdc++.so.6.0.25
7fa2039a6000-7fa2039b0000 r--p 00173000 08:12 405032                     /usr/lib/x86_64-linux-gnu/libstdc++.so.6.0.25
7fa2039b0000-7fa2039b2000 rw-p 0017d000 08:12 405032                     /usr/lib/x86_64-linux-gnu/libstdc++.so.6.0.25
7fa2039b2000-7fa2039b6000 rw-p 00000000 00:00 0 
7fa2039b6000-7fa203c2f000 r--p 00000000 08:12 479469                     /usr/lib/jvm/java-11-openjdk-amd64/lib/server/libjvm.so
7fa203c2f000-7fa204840000 r-xp 00279000 08:12 479469                     /usr/lib/jvm/java-11-openjdk-amd64/lib/server/libjvm.so
7fa204840000-7fa204a97000 r--p 00e8a000 08:12 479469                     /usr/lib/jvm/java-11-openjdk-amd64/lib/server/libjvm.so
7fa204a97000-7fa204b58000 r--p 010e0000 08:12 479469                     /usr/lib/jvm/java-11-openjdk-amd64/lib/server/libjvm.so
7fa204b58000-7fa204b93000 rw-p 011a1000 08:12 479469                     /usr/lib/jvm/java-11-openjdk-amd64/lib/server/libjvm.so
7fa204b93000-7fa204bec000 rw-p 00000000 00:00 0 
7fa204bec000-7fa204c0e000 r--p 00000000 08:12 403748                     /usr/lib/x86_64-linux-gnu/libc-2.28.so
7fa204c0e000-7fa204d56000 r-xp 00022000 08:12 403748                     /usr/lib/x86_64-linux-gnu/libc-2.28.so
7fa204d56000-7fa204da2000 r--p 0016a000 08:12 403748                     /usr/lib/x86_64-linux-gnu/libc-2.28.so
7fa204da2000-7fa204da3000 ---p 001b6000 08:12 403748                     /usr/lib/x86_64-linux-gnu/libc-2.28.so
7fa204da3000-7fa204da7000 r--p 001b6000 08:12 403748                     /usr/lib/x86_64-linux-gnu/libc-2.28.so
7fa204da7000-7fa204da9000 rw-p 001ba000 08:12 403748                     /usr/lib/x86_64-linux-gnu/libc-2.28.so
7fa204da9000-7fa204dad000 rw-p 00000000 00:00 0 
7fa204dad000-7fa204dae000 r--p 00000000 08:12 403904                     /usr/lib/x86_64-linux-gnu/libdl-2.28.so
7fa204dae000-7fa204daf000 r-xp 00001000 08:12 403904                     /usr/lib/x86_64-linux-gnu/libdl-2.28.so
7fa204daf000-7fa204db0000 r--p 00002000 08:12 403904                     /usr/lib/x86_64-linux-gnu/libdl-2.28.so
7fa204db0000-7fa204db1000 r--p 00002000 08:12 403904                     /usr/lib/x86_64-linux-gnu/libdl-2.28.so
7fa204db1000-7fa204db2000 rw-p 00003000 08:12 403904                     /usr/lib/x86_64-linux-gnu/libdl-2.28.so
7fa204db2000-7fa204db5000 r--p 00000000 08:12 479428                     /usr/lib/jvm/java-11-openjdk-amd64/lib/jli/libjli.so
7fa204db5000-7fa204dbf000 r-xp 00003000 08:12 479428                     /usr/lib/jvm/java-11-openjdk-amd64/lib/jli/libjli.so
7fa204dbf000-7fa204dc2000 r--p 0000d000 08:12 479428                     /usr/lib/jvm/java-11-openjdk-amd64/lib/jli/libjli.so
7fa204dc2000-7fa204dc3000 ---p 00010000 08:12 479428                     /usr/lib/jvm/java-11-openjdk-amd64/lib/jli/libjli.so
7fa204dc3000-7fa204dc4000 r--p 00010000 08:12 479428                     /usr/lib/jvm/java-11-openjdk-amd64/lib/jli/libjli.so
7fa204dc4000-7fa204dc5000 rw-p 00011000 08:12 479428                     /usr/lib/jvm/java-11-openjdk-amd64/lib/jli/libjli.so
7fa204dc5000-7fa204dcb000 r--p 00000000 08:12 404851                     /usr/lib/x86_64-linux-gnu/libpthread-2.28.so
7fa204dcb000-7fa204dda000 r-xp 00006000 08:12 404851                     /usr/lib/x86_64-linux-gnu/libpthread-2.28.so
7fa204dda000-7fa204de0000 r--p 00015000 08:12 404851                     /usr/lib/x86_64-linux-gnu/libpthread-2.28.so
7fa204de0000-7fa204de1000 r--p 0001a000 08:12 404851                     /usr/lib/x86_64-linux-gnu/libpthread-2.28.so
7fa204de1000-7fa204de2000 rw-p 0001b000 08:12 404851                     /usr/lib/x86_64-linux-gnu/libpthread-2.28.so
7fa204de2000-7fa204de6000 rw-p 00000000 00:00 0 
7fa204de6000-7fa204e02000 r-xp 00000000 08:12 405347                     /usr/lib/x86_64-linux-gnu/libz.so.1.2.11
7fa204e02000-7fa205002000 ---p 0001c000 08:12 405347                     /usr/lib/x86_64-linux-gnu/libz.so.1.2.11
7fa205002000-7fa205003000 r--p 0001c000 08:12 405347                     /usr/lib/x86_64-linux-gnu/libz.so.1.2.11
7fa205003000-7fa205004000 rw-p 0001d000 08:12 405347                     /usr/lib/x86_64-linux-gnu/libz.so.1.2.11
7fa205004000-7fa205006000 rw-p 00000000 00:00 0 
7fa205007000-7fa205009000 r--p 00000000 08:12 479448                     /usr/lib/jvm/java-11-openjdk-amd64/lib/libjimage.so
7fa205009000-7fa20500c000 r-xp 00002000 08:12 479448                     /usr/lib/jvm/java-11-openjdk-amd64/lib/libjimage.so
7fa20500c000-7fa20500e000 r--p 00005000 08:12 479448                     /usr/lib/jvm/java-11-openjdk-amd64/lib/libjimage.so
7fa20500e000-7fa20500f000 r--p 00006000 08:12 479448                     /usr/lib/jvm/java-11-openjdk-amd64/lib/libjimage.so
7fa20500f000-7fa205010000 rw-p 00007000 08:12 479448                     /usr/lib/jvm/java-11-openjdk-amd64/lib/libjimage.so
7fa205010000-7fa205015000 r--p 00000000 08:12 479464                     /usr/lib/jvm/java-11-openjdk-amd64/lib/libverify.so
7fa205015000-7fa20501c000 r-xp 00005000 08:12 479464                     /usr/lib/jvm/java-11-openjdk-amd64/lib/libverify.so
7fa20501c000-7fa20501e000 r--p 0000c000 08:12 479464                     /usr/lib/jvm/java-11-openjdk-amd64/lib/libverify.so
7fa20501e000-7fa205020000 r--p 0000d000 08:12 479464                     /usr/lib/jvm/java-11-openjdk-amd64/lib/libverify.so
7fa205020000-7fa205021000 rw-p 0000f000 08:12 479464                     /usr/lib/jvm/java-11-openjdk-amd64/lib/libverify.so
7fa205021000-7fa205022000 r--p 00000000 08:12 403181                     /usr/lib/x86_64-linux-gnu/ld-2.28.so
7fa205022000-7fa205040000 r-xp 00001000 08:12 403181                     /usr/lib/x86_64-linux-gnu/ld-2.28.so
7fa205040000-7fa205048000 r--p 0001f000 08:12 403181                     /usr/lib/x86_64-linux-gnu/ld-2.28.so
7fa205048000-7fa205049000 r--p 00026000 08:12 403181                     /usr/lib/x86_64-linux-gnu/ld-2.28.so
7fa205049000-7fa20504a000 rw-p 00027000 08:12 403181                     /usr/lib/x86_64-linux-gnu/ld-2.28.so
7fa20504a000-7fa20504b000 rw-p 00000000 00:00 0 
7fff699fc000-7fff69a1d000 rw-p 00000000 00:00 0                          [stack]
7fff69aeb000-7fff69aee000 r--p 00000000 00:00 0                          [vvar]
7fff69aee000-7fff69af0000 r-xp 00000000 00:00 0                          [vdso]


VM Arguments:
jvm_args: -Dapplication.home=/usr/lib/jvm/java-11-openjdk-amd64 --add-modules=ALL-DEFAULT -Xms8m -Djdk.module.main=jdk.compiler 
java_command: jdk.compiler/com.sun.tools.javac.Main -Xlint -sourcepath /home/carper/local/projects/sbdemo/microservices/product-composite-service/src/main/java/ -d /tmp/vk7D8vg/60 /tmp/vk7D8vg/61/ProductCompositeServiceImpl.java
java_class_path (initial): <not set>
Launcher Type: SUN_STANDARD

[Global flags]
     intx CICompilerCount                          = 3                                         {product} {ergonomic}
     uint ConcGCThreads                            = 1                                         {product} {ergonomic}
     uint G1ConcRefinementThreads                  = 4                                         {product} {ergonomic}
   size_t G1HeapRegionSize                         = 1048576                                   {product} {ergonomic}
    uintx GCDrainStackTargetSize                   = 64                                        {product} {ergonomic}
   size_t InitialHeapSize                          = 8388608                                   {product} {command line}
   size_t MarkStackSize                            = 4194304                                   {product} {ergonomic}
   size_t MaxHeapSize                              = 2067791872                                {product} {ergonomic}
   size_t MaxNewSize                               = 1240465408                                {product} {ergonomic}
   size_t MinHeapDeltaBytes                        = 1048576                                   {product} {ergonomic}
    uintx NonNMethodCodeHeapSize                   = 5830732                                {pd product} {ergonomic}
    uintx NonProfiledCodeHeapSize                  = 122913754                              {pd product} {ergonomic}
    uintx ProfiledCodeHeapSize                     = 122913754                              {pd product} {ergonomic}
    uintx ReservedCodeCacheSize                    = 251658240                              {pd product} {ergonomic}
     bool SegmentedCodeCache                       = true                                      {product} {ergonomic}
     bool UseCompressedClassPointers               = true                                 {lp64_product} {ergonomic}
     bool UseCompressedOops                        = true                                 {lp64_product} {ergonomic}
     bool UseG1GC                                  = true                                      {product} {ergonomic}

Logging:
Log output configuration:
 #0: stdout all=warning uptime,level,tags
 #1: stderr all=off uptime,level,tags

Environment Variables:
PATH=/usr/local/bin:/usr/bin:/bin:/usr/local/games:/usr/games
SHELL=/bin/bash
DISPLAY=:0.0
LANG=en_US.UTF-8
LC_ALL=

Signal Handlers:
SIGSEGV: [libjvm.so+0xe170c0], sa_mask[0]=11111111011111111101111111111110, sa_flags=SA_RESTART|SA_SIGINFO
SIGBUS: [libjvm.so+0xe170c0], sa_mask[0]=11111111011111111101111111111110, sa_flags=SA_RESTART|SA_SIGINFO
SIGFPE: [libjvm.so+0xe170c0], sa_mask[0]=11111111011111111101111111111110, sa_flags=SA_RESTART|SA_SIGINFO
SIGPIPE: [libjvm.so+0xb6c750], sa_mask[0]=11111111011111111101111111111110, sa_flags=SA_RESTART|SA_SIGINFO
SIGXFSZ: [libjvm.so+0xb6c750], sa_mask[0]=11111111011111111101111111111110, sa_flags=SA_RESTART|SA_SIGINFO
SIGILL: [libjvm.so+0xe170c0], sa_mask[0]=11111111011111111101111111111110, sa_flags=SA_RESTART|SA_SIGINFO
SIGUSR2: [libjvm.so+0xb6c5e0], sa_mask[0]=00000000000000000000000000000000, sa_flags=SA_RESTART|SA_SIGINFO
SIGHUP: [libjvm.so+0xb6ca90], sa_mask[0]=11111111011111111101111111111110, sa_flags=SA_RESTART|SA_SIGINFO
SIGINT: [libjvm.so+0xb6ca90], sa_mask[0]=11111111011111111101111111111110, sa_flags=SA_RESTART|SA_SIGINFO
SIGTERM: [libjvm.so+0xb6ca90], sa_mask[0]=11111111011111111101111111111110, sa_flags=SA_RESTART|SA_SIGINFO
SIGQUIT: [libjvm.so+0xb6ca90], sa_mask[0]=11111111011111111101111111111110, sa_flags=SA_RESTART|SA_SIGINFO


---------------  S Y S T E M  ---------------

OS:PRETTY_NAME="MX 19.2 patito feo"
DISTRIB_ID=MX
DISTRIB_RELEASE=19.2
DISTRIB_CODENAME="patito feo"
DISTRIB_DESCRIPTION="MX 19.2 patito feo"
uname:Linux 4.19.0-9-amd64 #1 SMP Debian 4.19.118-2 (2020-04-29) x86_64
OS uptime: 0 days 1:33 hours
libc:glibc 2.28 NPTL 2.28 
rlimit (soft/hard): STACK 8192k/infinity , CORE 0k/infinity , NPROC 30777/30777 , NOFILE 4096/4096 , AS infinity/infinity , CPU infinity/infinity , DATA infinity/infinity , FSIZE infinity/infinity , MEMLOCK 64k/64k
load average:0.38 0.51 0.88

/proc/meminfo:
MemTotal:        8074332 kB
MemFree:         3193144 kB
MemAvailable:    5260144 kB
Buffers:          103796 kB
Cached:          2250592 kB
SwapCached:            0 kB
Active:          2749700 kB
Inactive:        1864396 kB
Active(anon):    1995892 kB
Inactive(anon):   369144 kB
Active(file):     753808 kB
Inactive(file):  1495252 kB
Unevictable:          96 kB
Mlocked:              96 kB
SwapTotal:             0 kB
SwapFree:              0 kB
Dirty:                36 kB
Writeback:            36 kB
AnonPages:       2219776 kB
Mapped:           783600 kB
Shmem:            370520 kB
Slab:             139792 kB
SReclaimable:      84284 kB
SUnreclaim:        55508 kB
KernelStack:       10796 kB
PageTables:        29764 kB
NFS_Unstable:          0 kB
Bounce:                0 kB
WritebackTmp:          0 kB
CommitLimit:     4037164 kB
Committed_AS:    6707900 kB
VmallocTotal:   34359738367 kB
VmallocUsed:           0 kB
VmallocChunk:          0 kB
Percpu:              912 kB
HardwareCorrupted:     0 kB
AnonHugePages:    628736 kB
ShmemHugePages:        0 kB
ShmemPmdMapped:        0 kB
HugePages_Total:       0
HugePages_Free:        0
HugePages_Rsvd:        0
HugePages_Surp:        0
Hugepagesize:       2048 kB
Hugetlb:               0 kB
DirectMap4k:      213612 kB
DirectMap2M:     8079360 kB

/sys/kernel/mm/transparent_hugepage/enabled:
[always] madvise never
/sys/kernel/mm/transparent_hugepage/defrag (defrag/compaction efforts parameter):
always defer defer+madvise [madvise] never

/proc/sys/kernel/threads-max (system-wide limit on the number of threads):
61555
/proc/sys/vm/max_map_count (maximum number of memory map areas a process may have):
65530
/proc/sys/kernel/pid_max (system-wide limit on number of process identifiers):
32768

container (cgroup) information:
container_type: cgroupv1
cpu_cpuset_cpus: 0-3
cpu_memory_nodes: 0
active_processor_count: 4
cpu_quota: -1
cpu_period: 100000
cpu_shares: -1
memory_limit_in_bytes: -1
memory_and_swap_limit_in_bytes: -2
memory_soft_limit_in_bytes: -1
memory_usage_in_bytes: 4113317888
memory_max_usage_in_bytes: 4632727552

Steal ticks since vm start: 0
Steal ticks percentage since vm start:  0.000

CPU:total 4 (initial active 4) (2 cores per cpu, 2 threads per core) family 6 model 58 stepping 9, cmov, cx8, fxsr, mmx, sse, sse2, sse3, ssse3, sse4.1, sse4.2, popcnt, avx, aes, clmul, erms, ht, tsc, tscinvbit, tscinv
CPU Model and flags from /proc/cpuinfo:
model name	: Intel(R) Core(TM) i7-3520M CPU @ 2.90GHz
flags		: fpu vme de pse tsc msr pae mce cx8 apic sep mtrr pge mca cmov pat pse36 clflush dts acpi mmx fxsr sse sse2 ss ht tm pbe syscall nx rdtscp lm constant_tsc arch_perfmon pebs bts rep_good nopl xtopology nonstop_tsc cpuid aperfmperf pni pclmulqdq dtes64 monitor ds_cpl vmx smx est tm2 ssse3 cx16 xtpr pdcm pcid sse4_1 sse4_2 x2apic popcnt tsc_deadline_timer aes xsave avx f16c rdrand lahf_lm cpuid_fault pti ssbd ibrs ibpb stibp tpr_shadow vnmi flexpriority ept vpid fsgsbase smep erms xsaveopt dtherm ida arat pln pts md_clear flush_l1d
Online cpus:
0-3
Offline cpus:

BIOS frequency limitation:
<Not Available>
Frequency switch latency (ns):
0
Available cpu frequencies:
<Not Available>
Current governor:
powersave
Core performance/turbo boost:
<Not Available>

Memory: 4k page, physical 8074332k(3193144k free), swap 0k(0k free)

vm_info: OpenJDK 64-Bit Server VM (11.0.9.1+1-post-Debian-1deb10u2) for linux-amd64 JRE (11.0.9.1+1-post-Debian-1deb10u2), built on Nov 28 2020 17:42:37 by "unknown" with gcc 8.3.0

END.
