#
# A fatal error has been detected by the Java Runtime Environment:
#
#  SIGILL (0x4) at pc=0x00007fb6a43c3fb0, pid=14509, tid=14520
#
# JRE version: OpenJDK Runtime Environment (11.0.9.1+1) (build 11.0.9.1+1-post-Debian-1deb10u2)
# Java VM: OpenJDK 64-Bit Server VM (11.0.9.1+1-post-Debian-1deb10u2, mixed mode, sharing, tiered, compressed oops, g1 gc, linux-amd64)
# Problematic frame:
# V  [libjvm.so+0x867fb0]
#
# No core dump will be written. Core dumps have been disabled. To enable core dumping, try "ulimit -c unlimited" before starting Java again
#
# If you would like to submit a bug report, please visit:
#   https://bugs.debian.org/openjdk-11
#

---------------  S U M M A R Y ------------

Command Line: -Dapplication.home=/usr/lib/jvm/java-11-openjdk-amd64 --add-modules=ALL-DEFAULT -Xms8m -Djdk.module.main=jdk.compiler jdk.compiler/com.sun.tools.javac.Main -Xlint -sourcepath /home/carper/local/projects/sbdemo/microservices/price-service/src/main/java/ -d /tmp/vk7D8vg/37 /tmp/vk7D8vg/38/PriceServiceImpl.java

Host: Intel(R) Core(TM) i7-3520M CPU @ 2.90GHz, 4 cores, 7G, MX 19.2 patito feo
Time: Fri Mar  5 11:53:43 2021 EST elapsed time: 0.076594 seconds (0d 0h 0m 0s)

---------------  T H R E A D  ---------------

Current thread (0x00007fb69c0c2000):  JavaThread "C2 CompilerThread0" daemon [_thread_in_native, id=14520, stack(0x00007fb67c02f000,0x00007fb67c130000)]


Current CompileTask:
C2:     76  154       4       java.util.HashMap::newNode (13 bytes)

Stack: [0x00007fb67c02f000,0x00007fb67c130000],  sp=0x00007fb67c12b718,  free space=1009k
Native frames: (J=compiled Java code, A=aot compiled Java code, j=interpreted, Vv=VM code, C=native code)
V  [libjvm.so+0x867fb0]
V  [libjvm.so+0xb8aa7f]
V  [libjvm.so+0x5f0889]
V  [libjvm.so+0x5f48f9]
V  [libjvm.so+0x51d8b0]
V  [libjvm.so+0x5fd9d7]
V  [libjvm.so+0x5fecf8]
V  [libjvm.so+0xdb4bd0]
V  [libjvm.so+0xdb0a89]
V  [libjvm.so+0xb75f1e]


siginfo: si_signo: 4 (SIGILL), si_code: 2 (ILL_ILLOPN), si_addr: 0x00007fb6a43c3fb0

Register to memory mapping:

RAX=0x00007fb69c0c2bdc points into unknown readable memory: ff ff ff ff
RBX=0x00007fb67c12b780 is pointing into the stack for thread: 0x00007fb69c0c2000
RCX=0x0000000000000001 is an unknown value
RDX=0x0000000000000003 is an unknown value
RSP=0x00007fb67c12b718 is pointing into the stack for thread: 0x00007fb69c0c2000
RBP=0x00007fb67c12b7f0 is pointing into the stack for thread: 0x00007fb69c0c2000
RSI=0x0000000000000001 is an unknown value
RDI=0x00007fb67c12b7a0 is pointing into the stack for thread: 0x00007fb69c0c2000
R8 =0x00007fb67c12b7a0 is pointing into the stack for thread: 0x00007fb69c0c2000
R9 =0x00000000000002de is an unknown value
R10=0xffffffffffffffff is an unknown value
R11=0x0000000000000010 is an unknown value
R12=0x0000000000000002 is an unknown value
R13=0x00007fb67c12df50 is pointing into the stack for thread: 0x00007fb69c0c2000
R14=0x0000000000000021 is an unknown value
R15=0x00007fb67c12b7a0 is pointing into the stack for thread: 0x00007fb69c0c2000


Registers:
RAX=0x00007fb69c0c2bdc, RBX=0x00007fb67c12b780, RCX=0x0000000000000001, RDX=0x0000000000000003
RSP=0x00007fb67c12b718, RBP=0x00007fb67c12b7f0, RSI=0x0000000000000001, RDI=0x00007fb67c12b7a0
R8 =0x00007fb67c12b7a0, R9 =0x00000000000002de, R10=0xffffffffffffffff, R11=0x0000000000000010
R12=0x0000000000000002, R13=0x00007fb67c12df50, R14=0x0000000000000021, R15=0x00007fb67c12b7a0
RIP=0x00007fb6a43c3fb0, EFLAGS=0x0000000000010206, CSGSFS=0x002b000000000033, ERR=0x0000000000000000
  TRAPNO=0x0000000000000006

Top of Stack: (sp=0x00007fb67c12b718)
0x00007fb67c12b718:   00007fb6a46e5cc8 0000000000000000
0x00007fb67c12b728:   00007fb6a4112160 00007fb67c12e7f8
0x00007fb67c12b738:   00007fb67c12b640 0000000000000025
0x00007fb67c12b748:   00007fb67c12b7a0 00007fb67c12b780 

Instructions: (pc=0x00007fb6a43c3fb0)
0x00007fb6a43c3eb0:   01 21 d1 38 d1 74 0d 41 0f b6 4c 24 30 09 ca 41
0x00007fb6a43c3ec0:   88 54 24 30 4d 8b 6c 24 30 49 c1 ed 10 48 85 c0
0x00007fb6a43c3ed0:   0f 84 42 02 00 00 48 8b 55 b8 48 89 c1 48 29 d1
0x00007fb6a43c3ee0:   48 83 f9 08 0f 86 96 03 00 00 48 85 d2 0f 84 b8
0x00007fb6a43c3ef0:   00 00 00 80 7d d8 00 0f 84 e3 02 00 00 4c 89 e8
0x00007fb6a43c3f00:   48 83 e0 80 0f 84 56 06 00 00 44 89 e8 83 c8 80
0x00007fb6a43c3f10:   88 02 4c 89 e8 48 c1 e8 07 48 89 c1 48 83 e1 80
0x00007fb6a43c3f20:   0f 84 0a 07 00 00 83 c8 80 88 42 01 4c 89 e8 48
0x00007fb6a43c3f30:   c1 e8 0e 48 89 c1 48 83 e1 80 0f 84 f0 05 00 00
0x00007fb6a43c3f40:   83 c8 80 88 42 02 4c 89 e8 48 c1 e8 15 a9 80 ff
0x00007fb6a43c3f50:   ff 07 0f 84 e8 06 00 00 83 c8 80 88 42 03 4c 89
0x00007fb6a43c3f60:   e8 48 c1 e8 1c a9 80 ff 0f 00 0f 84 17 07 00 00
0x00007fb6a43c3f70:   83 c8 80 88 42 04 4c 89 e8 48 c1 e8 23 a9 80 1f
0x00007fb6a43c3f80:   00 00 0f 84 19 07 00 00 49 c1 ed 2a 83 c8 80 44
0x00007fb6a43c3f90:   88 6a 06 88 42 05 b8 07 00 00 00 0f 1f 44 00 00
0x00007fb6a43c3fa0:   48 01 c2 48 8b 45 c0 48 89 55 b8 45 31 e4 48 85
0x00007fb6a43c3fb0:   db 74 2b 48 8d 15 8e d0 99 00 0f b6 4b 50 80 3a
0x00007fb6a43c3fc0:   00 0f 95 c2 83 c2 01 21 d1 38 d1 74 09 0f b6 4b
0x00007fb6a43c3fd0:   50 09 ca 88 53 50 4c 8b 63 50 49 c1 ec 10 48 85
0x00007fb6a43c3fe0:   c0 0f 84 6c 01 00 00 48 8b 55 b8 48 89 c1 48 29
0x00007fb6a43c3ff0:   d1 48 83 f9 08 0f 86 25 02 00 00 48 85 d2 0f 84
0x00007fb6a43c4000:   48 8b 77 18 c7 07 00 00 00 00 48 85 f6 74 e8 55
0x00007fb6a43c4010:   48 89 e5 53 48 89 fb 48 83 ec 08 e8 70 8d f5 ff
0x00007fb6a43c4020:   48 c7 43 18 00 00 00 00 48 83 c4 08 5b 5d c3 90
0x00007fb6a43c4030:   55 31 f6 bf 00 08 00 00 48 89 e5 41 57 41 56 41
0x00007fb6a43c4040:   55 41 54 53 48 81 ec e8 00 00 00 48 8d 05 0e 21
0x00007fb6a43c4050:   88 00 48 c7 45 98 00 00 00 00 48 83 c0 10 48 89
0x00007fb6a43c4060:   45 90 e8 a9 87 3b 00 48 89 c2 48 85 c0 74 2e 48
0x00007fb6a43c4070:   8d 78 08 48 89 c1 48 c7 00 00 00 00 00 48 c7 80
0x00007fb6a43c4080:   f8 07 00 00 00 00 00 00 48 83 e7 f8 31 c0 48 29
0x00007fb6a43c4090:   f9 81 c1 00 08 00 00 c1 e9 03 f3 48 ab 66 0f ef
0x00007fb6a43c40a0:   c0 48 8d 05 f0 ef 92 00 48 8d 7d 90 48 89 55 a0 


Stack slot to memory mapping:
stack at sp + 0 slots: 0x00007fb6a46e5cc8: <offset 0x0000000000b89cc8> in /usr/lib/jvm/java-11-openjdk-amd64/lib/server/libjvm.so at 0x00007fb6a3b5c000
stack at sp + 1 slots: 0x0 is NULL
stack at sp + 2 slots: 0x00007fb6a4112160: <offset 0x00000000005b6160> in /usr/lib/jvm/java-11-openjdk-amd64/lib/server/libjvm.so at 0x00007fb6a3b5c000
stack at sp + 3 slots: 0x00007fb67c12e7f8 is pointing into the stack for thread: 0x00007fb69c0c2000
stack at sp + 4 slots: 0x00007fb67c12b640 is pointing into the stack for thread: 0x00007fb69c0c2000
stack at sp + 5 slots: 0x0000000000000025 is an unknown value
stack at sp + 6 slots: 0x00007fb67c12b7a0 is pointing into the stack for thread: 0x00007fb69c0c2000
stack at sp + 7 slots: 0x00007fb67c12b780 is pointing into the stack for thread: 0x00007fb69c0c2000


---------------  P R O C E S S  ---------------

Threads class SMR info:
_java_thread_list=0x00007fb64c06fea0, length=9, elements={
0x00007fb69c016800, 0x00007fb69c0b0800, 0x00007fb69c0ba800, 0x00007fb69c0c0000,
0x00007fb69c0c2000, 0x00007fb69c0c4000, 0x00007fb69c0c6000, 0x00007fb69c0ec000,
0x00007fb64c06e800
}

Java Threads: ( => current thread )
  0x00007fb69c016800 
[error occurred during error reporting (printing all threads), id 0xb, SIGSEGV (0xb) at pc=0x00007fb6a490be0b]

VM state:not at safepoint (normal execution)

VM Mutex/Monitor currently owned by a thread: None

Heap address: 0x0000000084c00000, size: 1972 MB, Compressed Oops mode: 32-bit
Narrow klass base: 0x0000000800000000, Narrow klass shift: 3
Compressed class space size: 1073741824 Address: 0x0000000840000000

Heap:
 garbage-first heap   total 10240K, used 1736K [0x0000000084c00000, 0x0000000100000000)
  region size 1024K, 2 young (2048K), 0 survivors (0K)
 Metaspace       used 359K, capacity 4515K, committed 4864K, reserved 1056768K
  class space    used 29K, capacity 398K, committed 512K, reserved 1048576K
Heap Regions: E=young(eden), S=young(survivor), O=old, HS=humongous(starts), HC=humongous(continues), CS=collection set, F=free, A=archive, TAMS=top-at-mark-start (previous, next)
|   0|0x0000000084c00000, 0x0000000084c00000, 0x0000000084d00000|  0%| F|  |TAMS 0x0000000084c00000, 0x0000000084c00000| Untracked 
|   1|0x0000000084d00000, 0x0000000084d00000, 0x0000000084e00000|  0%| F|  |TAMS 0x0000000084d00000, 0x0000000084d00000| Untracked 
|   2|0x0000000084e00000, 0x0000000084e00000, 0x0000000084f00000|  0%| F|  |TAMS 0x0000000084e00000, 0x0000000084e00000| Untracked 
|   3|0x0000000084f00000, 0x0000000084f00000, 0x0000000085000000|  0%| F|  |TAMS 0x0000000084f00000, 0x0000000084f00000| Untracked 
|   4|0x0000000085000000, 0x0000000085000000, 0x0000000085100000|  0%| F|  |TAMS 0x0000000085000000, 0x0000000085000000| Untracked 
|   5|0x0000000085100000, 0x0000000085100000, 0x0000000085200000|  0%| F|  |TAMS 0x0000000085100000, 0x0000000085100000| Untracked 
|   6|0x0000000085200000, 0x000000008521f3b8, 0x0000000085300000| 12%| E|  |TAMS 0x0000000085200000, 0x0000000085200000| Complete 
|   7|0x0000000085300000, 0x0000000085400000, 0x0000000085400000|100%| E|CS|TAMS 0x0000000085300000, 0x0000000085300000| Complete 
|1970|0x00000000ffe00000, 0x00000000ffe47000, 0x00000000fff00000| 27%|OA|  |TAMS 0x00000000ffe00000, 0x00000000ffe00000| Untracked 
|1971|0x00000000fff00000, 0x00000000fff6b000, 0x0000000100000000| 41%|CA|  |TAMS 0x00000000fff00000, 0x00000000fff00000| Untracked 

Card table byte_map: [0x00007fb6a2835000,0x00007fb6a2c0f000] _byte_map_base: 0x00007fb6a240f000

Marking Bits (Prev, Next): (CMBitMap*) 0x00007fb69c056f18, (CMBitMap*) 0x00007fb69c056f50
 Prev Bits: [0x00007fb6a058b000, 0x00007fb6a245b000)
 Next Bits: [0x00007fb67e130000, 0x00007fb680000000)

Polling page: 0x00007fb6a3701000

Metaspace:

Usage:
  Non-class:      4.02 MB capacity,   329.63 KB (  8%) used,     3.70 MB ( 92%) free+waste,     1.38 KB ( <1%) overhead. 
      Class:    398.00 KB capacity,    29.95 KB (  8%) used,   367.11 KB ( 92%) free+waste,   960 bytes ( <1%) overhead. 
       Both:      4.41 MB capacity,   359.59 KB (  8%) used,     4.06 MB ( 92%) free+waste,     2.31 KB ( <1%) overhead. 

Virtual space:
  Non-class space:        8.00 MB reserved,       4.25 MB ( 53%) committed 
      Class space:        1.00 GB reserved,     512.00 KB ( <1%) committed 
             Both:        1.01 GB reserved,       4.75 MB ( <1%) committed 

Chunk freelists:
   Non-Class:  0 bytes
       Class:  0 bytes
        Both:  0 bytes

MaxMetaspaceSize: unlimited
CompressedClassSpaceSize: 1.00 GB

CodeHeap 'non-profiled nmethods': size=120032Kb used=45Kb max_used=45Kb free=119987Kb
 bounds [0x00007fb68c361000, 0x00007fb68c5d1000, 0x00007fb693899000]
CodeHeap 'profiled nmethods': size=120032Kb used=189Kb max_used=189Kb free=119842Kb
 bounds [0x00007fb684e29000, 0x00007fb685099000, 0x00007fb68c361000]
CodeHeap 'non-nmethods': size=5696Kb used=1036Kb max_used=1036Kb free=4659Kb
 bounds [0x00007fb684899000, 0x00007fb684b09000, 0x00007fb684e29000]
 total_blobs=452 nmethods=165 adapters=196
 compilation: enabled
              stopped_count=0, restarted_count=0
 full_count=0

Compilation events (20 events):
Event: 0.053 Thread 0x00007fb69c0c4000 nmethod 155 0x00007fb68c36b410 code [0x00007fb68c36b5c0, 0x00007fb68c36b690]
Event: 0.053 Thread 0x00007fb69c0c4000  157       3       java.lang.module.ResolvedModule::name (11 bytes)
Event: 0.053 Thread 0x00007fb69c0c4000 nmethod 157 0x00007fb684e54810 code [0x00007fb684e549c0, 0x00007fb684e54b50]
Event: 0.053 Thread 0x00007fb69c0c4000  156       3       java.util.Collections$UnmodifiableCollection$1::hasNext (10 bytes)
Event: 0.053 Thread 0x00007fb69c0c4000 nmethod 156 0x00007fb684e54c10 code [0x00007fb684e54dc0, 0x00007fb684e54fa0]
Event: 0.053 Thread 0x00007fb69c0c4000  158       1       java.lang.module.ModuleDescriptor::isOpen (5 bytes)
Event: 0.053 Thread 0x00007fb69c0c4000 nmethod 158 0x00007fb68c36b710 code [0x00007fb68c36b8c0, 0x00007fb68c36b990]
Event: 0.053 Thread 0x00007fb69c0c4000  159       1       java.lang.module.ModuleDescriptor$Provides::service (5 bytes)
Event: 0.053 Thread 0x00007fb69c0c4000 nmethod 159 0x00007fb68c36ba10 code [0x00007fb68c36bbc0, 0x00007fb68c36bc90]
Event: 0.054 Thread 0x00007fb69c0c4000  160       3       java.util.ImmutableCollections$SetN::<init> (90 bytes)
Event: 0.055 Thread 0x00007fb69c0c4000 nmethod 160 0x00007fb684e55090 code [0x00007fb684e55380, 0x00007fb684e56390]
Event: 0.055 Thread 0x00007fb69c0c4000  161       3       java.util.ImmutableCollections$AbstractImmutableSet::<init> (5 bytes)
Event: 0.055 Thread 0x00007fb69c0c4000 nmethod 161 0x00007fb684e56910 code [0x00007fb684e56ae0, 0x00007fb684e56d10]
Event: 0.055 Thread 0x00007fb69c0c4000  163       3       java.util.HashMap$ValueIterator::next (8 bytes)
Event: 0.056 Thread 0x00007fb69c0c4000 nmethod 163 0x00007fb684e56e10 code [0x00007fb684e56fc0, 0x00007fb684e57100]
Event: 0.056 Thread 0x00007fb69c0c4000  165       3       jdk.internal.module.ModuleBootstrap$2::hasNext (30 bytes)
Event: 0.056 Thread 0x00007fb69c0c4000 nmethod 165 0x00007fb684e57210 code [0x00007fb684e573e0, 0x00007fb684e57730]
Event: 0.056 Thread 0x00007fb69c0c4000  166       3       jdk.internal.module.ModuleBootstrap$2::next (52 bytes)
Event: 0.056 Thread 0x00007fb69c0c4000 nmethod 166 0x00007fb684e57810 code [0x00007fb684e57a20, 0x00007fb684e57f80]
Event: 0.056 Thread 0x00007fb69c0c4000  164       3       java.util.HashMap::<init> (11 bytes)

GC Heap History (0 events):
No events

Deoptimization events (0 events):
No events

Classes redefined (0 events):
No events

Internal exceptions (0 events):
No events

Events (20 events):
Event: 0.023 loading class java/lang/Module$ReflectionData
Event: 0.023 loading class java/lang/Module$ReflectionData done
Event: 0.023 loading class java/lang/WeakPairMap
Event: 0.023 loading class java/lang/WeakPairMap done
Event: 0.023 loading class java/lang/WeakPairMap$Pair
Event: 0.023 loading class java/lang/WeakPairMap$Pair done
Event: 0.023 loading class java/lang/WeakPairMap$Pair$Lookup
Event: 0.023 loading class java/lang/WeakPairMap$Pair$Lookup done
Event: 0.028 Thread 0x00007fb69c0ec000 Thread added: 0x00007fb69c0ec000
Event: 0.028 Protecting memory [0x00007fb66f4fd000,0x00007fb66f501000] with protection modes 0
Event: 0.031 loading class java/lang/invoke/DirectMethodHandle$Interface
Event: 0.032 loading class java/lang/invoke/DirectMethodHandle$Interface done
Event: 0.036 loading class java/lang/module/Resolver
Event: 0.036 loading class java/lang/module/Resolver done
Event: 0.036 loading class java/lang/module/ModuleFinder$1
Event: 0.036 loading class java/lang/module/ModuleFinder$1 done
Event: 0.038 loading class java/util/LinkedHashSet
Event: 0.038 loading class java/util/LinkedHashSet done
Event: 0.044 Thread 0x00007fb64c06e800 Thread added: 0x00007fb64c06e800
Event: 0.044 Protecting memory [0x00007fb66f3fc000,0x00007fb66f400000] with protection modes 0


Dynamic libraries:
84c00000-85400000 rw-p 00000000 00:00 0 
85400000-ffe00000 ---p 00000000 00:00 0 
ffe00000-ffe47000 rw-p 01111000 08:12 398318                             /usr/lib/jvm/java-11-openjdk-amd64/lib/server/classes.jsa
ffe47000-fff00000 rw-p 00000000 00:00 0 
fff00000-fff6b000 rw-p 010a6000 08:12 398318                             /usr/lib/jvm/java-11-openjdk-amd64/lib/server/classes.jsa
fff6b000-100000000 rw-p 00000000 00:00 0 
800000000-800002000 rwxp 00001000 08:12 398318                           /usr/lib/jvm/java-11-openjdk-amd64/lib/server/classes.jsa
800002000-8003b9000 rw-p 00003000 08:12 398318                           /usr/lib/jvm/java-11-openjdk-amd64/lib/server/classes.jsa
8003b9000-800a96000 r--p 003ba000 08:12 398318                           /usr/lib/jvm/java-11-openjdk-amd64/lib/server/classes.jsa
800a96000-800a97000 rw-p 00a97000 08:12 398318                           /usr/lib/jvm/java-11-openjdk-amd64/lib/server/classes.jsa
800a97000-8010a5000 r--p 00a98000 08:12 398318                           /usr/lib/jvm/java-11-openjdk-amd64/lib/server/classes.jsa
840000000-840080000 rw-p 00000000 00:00 0 
840080000-880000000 ---p 00000000 00:00 0 
55bf6afec000-55bf6afed000 r--p 00000000 08:12 398097                     /usr/lib/jvm/java-11-openjdk-amd64/bin/javac
55bf6afed000-55bf6afee000 r-xp 00001000 08:12 398097                     /usr/lib/jvm/java-11-openjdk-amd64/bin/javac
55bf6afee000-55bf6afef000 r--p 00002000 08:12 398097                     /usr/lib/jvm/java-11-openjdk-amd64/bin/javac
55bf6afef000-55bf6aff0000 r--p 00002000 08:12 398097                     /usr/lib/jvm/java-11-openjdk-amd64/bin/javac
55bf6aff0000-55bf6aff1000 rw-p 00003000 08:12 398097                     /usr/lib/jvm/java-11-openjdk-amd64/bin/javac
55bf6b57d000-55bf6b59e000 rw-p 00000000 00:00 0                          [heap]
7fb638000000-7fb6381a0000 rw-p 00000000 00:00 0 
7fb6381a0000-7fb63c000000 ---p 00000000 00:00 0 
7fb640000000-7fb640021000 rw-p 00000000 00:00 0 
7fb640021000-7fb644000000 ---p 00000000 00:00 0 
7fb644000000-7fb644021000 rw-p 00000000 00:00 0 
7fb644021000-7fb648000000 ---p 00000000 00:00 0 
7fb648000000-7fb6480cd000 rw-p 00000000 00:00 0 
7fb6480cd000-7fb64c000000 ---p 00000000 00:00 0 
7fb64c000000-7fb64c0d2000 rw-p 00000000 00:00 0 
7fb64c0d2000-7fb650000000 ---p 00000000 00:00 0 
7fb650000000-7fb650021000 rw-p 00000000 00:00 0 
7fb650021000-7fb654000000 ---p 00000000 00:00 0 
7fb657bcc000-7fb65c000000 r--p 00000000 08:12 400967                     /usr/lib/locale/locale-archive
7fb65c000000-7fb65c021000 rw-p 00000000 00:00 0 
7fb65c021000-7fb660000000 ---p 00000000 00:00 0 
7fb660000000-7fb660021000 rw-p 00000000 00:00 0 
7fb660021000-7fb664000000 ---p 00000000 00:00 0 
7fb664000000-7fb664021000 rw-p 00000000 00:00 0 
7fb664021000-7fb668000000 ---p 00000000 00:00 0 
7fb668000000-7fb668021000 rw-p 00000000 00:00 0 
7fb668021000-7fb66c000000 ---p 00000000 00:00 0 
7fb66f3fc000-7fb66f400000 ---p 00000000 00:00 0 
7fb66f400000-7fb66f4fd000 rw-p 00000000 00:00 0 
7fb66f4fd000-7fb66f501000 ---p 00000000 00:00 0 
7fb66f501000-7fb66f5fe000 rw-p 00000000 00:00 0 
7fb66f5fe000-7fb66f602000 ---p 00000000 00:00 0 
7fb66f602000-7fb66f6ff000 rw-p 00000000 00:00 0 
7fb66f6ff000-7fb66f703000 ---p 00000000 00:00 0 
7fb66f703000-7fb66fc40000 rw-p 00000000 00:00 0 
7fb66fc40000-7fb670000000 ---p 00000000 00:00 0 
7fb670000000-7fb670021000 rw-p 00000000 00:00 0 
7fb670021000-7fb674000000 ---p 00000000 00:00 0 
7fb674000000-7fb674021000 rw-p 00000000 00:00 0 
7fb674021000-7fb678000000 ---p 00000000 00:00 0 
7fb678000000-7fb678021000 rw-p 00000000 00:00 0 
7fb678021000-7fb67c000000 ---p 00000000 00:00 0 
7fb67c02f000-7fb67c033000 ---p 00000000 00:00 0 
7fb67c033000-7fb67e150000 rw-p 00000000 00:00 0 
7fb67e150000-7fb67fff8000 ---p 00000000 00:00 0 
7fb67fff8000-7fb680000000 rw-p 00000000 00:00 0 
7fb680000000-7fb680021000 rw-p 00000000 00:00 0 
7fb680021000-7fb684000000 ---p 00000000 00:00 0 
7fb68408b000-7fb68408f000 ---p 00000000 00:00 0 
7fb68408f000-7fb68418c000 rw-p 00000000 00:00 0 
7fb68418c000-7fb684190000 ---p 00000000 00:00 0 
7fb684190000-7fb68428d000 rw-p 00000000 00:00 0 
7fb68428d000-7fb684291000 ---p 00000000 00:00 0 
7fb684291000-7fb68438e000 rw-p 00000000 00:00 0 
7fb68438e000-7fb68438f000 ---p 00000000 00:00 0 
7fb68438f000-7fb684594000 rw-p 00000000 00:00 0 
7fb684594000-7fb684595000 ---p 00000000 00:00 0 
7fb684595000-7fb684696000 rw-p 00000000 00:00 0 
7fb684696000-7fb684697000 ---p 00000000 00:00 0 
7fb684697000-7fb684899000 rw-p 00000000 00:00 0 
7fb684899000-7fb684b09000 rwxp 00000000 00:00 0 
7fb684b09000-7fb684e29000 ---p 00000000 00:00 0 
7fb684e29000-7fb685099000 rwxp 00000000 00:00 0 
7fb685099000-7fb68c361000 ---p 00000000 00:00 0 
7fb68c361000-7fb68c5d1000 rwxp 00000000 00:00 0 
7fb68c5d1000-7fb693899000 ---p 00000000 00:00 0 
7fb693899000-7fb69c000000 r--s 00000000 08:12 479466                     /usr/lib/jvm/java-11-openjdk-amd64/lib/modules
7fb69c000000-7fb69c11c000 rw-p 00000000 00:00 0 
7fb69c11c000-7fb6a0000000 ---p 00000000 00:00 0 
7fb6a0000000-7fb6a0345000 rw-p 00000000 00:00 0 
7fb6a0345000-7fb6a0346000 ---p 00000000 00:00 0 
7fb6a0346000-7fb6a0447000 rw-p 00000000 00:00 0 
7fb6a0447000-7fb6a0448000 ---p 00000000 00:00 0 
7fb6a0448000-7fb6a05ab000 rw-p 00000000 00:00 0 
7fb6a05ab000-7fb6a2453000 ---p 00000000 00:00 0 
7fb6a2453000-7fb6a245f000 rw-p 00000000 00:00 0 
7fb6a245f000-7fb6a2834000 ---p 00000000 00:00 0 
7fb6a2834000-7fb6a2839000 rw-p 00000000 00:00 0 
7fb6a2839000-7fb6a2c0e000 ---p 00000000 00:00 0 
7fb6a2c0e000-7fb6a2c13000 rw-p 00000000 00:00 0 
7fb6a2c13000-7fb6a2fe8000 ---p 00000000 00:00 0 
7fb6a2fe8000-7fb6a33ed000 rw-p 00000000 00:00 0 
7fb6a33ed000-7fb6a33ee000 ---p 00000000 00:00 0 
7fb6a33ee000-7fb6a34f4000 rw-p 00000000 00:00 0 
7fb6a34f4000-7fb6a35da000 ---p 00000000 00:00 0 
7fb6a35da000-7fb6a35df000 rw-p 00000000 00:00 0 
7fb6a35df000-7fb6a36c5000 ---p 00000000 00:00 0 
7fb6a36c5000-7fb6a36ca000 rw-p 00000000 00:00 0 
7fb6a36ca000-7fb6a36d1000 ---p 00000000 00:00 0 
7fb6a36d1000-7fb6a36d4000 r--p 00000000 08:12 404652                     /usr/lib/x86_64-linux-gnu/libnss_files-2.28.so
7fb6a36d4000-7fb6a36db000 r-xp 00003000 08:12 404652                     /usr/lib/x86_64-linux-gnu/libnss_files-2.28.so
7fb6a36db000-7fb6a36dd000 r--p 0000a000 08:12 404652                     /usr/lib/x86_64-linux-gnu/libnss_files-2.28.so
7fb6a36dd000-7fb6a36de000 ---p 0000c000 08:12 404652                     /usr/lib/x86_64-linux-gnu/libnss_files-2.28.so
7fb6a36de000-7fb6a36df000 r--p 0000c000 08:12 404652                     /usr/lib/x86_64-linux-gnu/libnss_files-2.28.so
7fb6a36df000-7fb6a36e0000 rw-p 0000d000 08:12 404652                     /usr/lib/x86_64-linux-gnu/libnss_files-2.28.so
7fb6a36e0000-7fb6a36e6000 rw-p 00000000 00:00 0 
7fb6a36ed000-7fb6a36ef000 r--s 00007000 08:12 332062                     /usr/share/java/java-atk-wrapper.jar
7fb6a36ef000-7fb6a36f1000 r--p 00000000 08:12 479465                     /usr/lib/jvm/java-11-openjdk-amd64/lib/libzip.so
7fb6a36f1000-7fb6a36f5000 r-xp 00002000 08:12 479465                     /usr/lib/jvm/java-11-openjdk-amd64/lib/libzip.so
7fb6a36f5000-7fb6a36f7000 r--p 00006000 08:12 479465                     /usr/lib/jvm/java-11-openjdk-amd64/lib/libzip.so
7fb6a36f7000-7fb6a36f8000 r--p 00007000 08:12 479465                     /usr/lib/jvm/java-11-openjdk-amd64/lib/libzip.so
7fb6a36f8000-7fb6a36f9000 rw-p 00008000 08:12 479465                     /usr/lib/jvm/java-11-openjdk-amd64/lib/libzip.so
7fb6a36f9000-7fb6a3701000 rw-s 00000000 08:12 231                        /tmp/hsperfdata_carper/14509
7fb6a3701000-7fb6a3702000 ---p 00000000 00:00 0 
7fb6a3702000-7fb6a3703000 r--p 00000000 00:00 0 
7fb6a3703000-7fb6a3711000 r--p 00000000 08:12 479444                     /usr/lib/jvm/java-11-openjdk-amd64/lib/libjava.so
7fb6a3711000-7fb6a3726000 r-xp 0000e000 08:12 479444                     /usr/lib/jvm/java-11-openjdk-amd64/lib/libjava.so
7fb6a3726000-7fb6a372d000 r--p 00023000 08:12 479444                     /usr/lib/jvm/java-11-openjdk-amd64/lib/libjava.so
7fb6a372d000-7fb6a372e000 r--p 00029000 08:12 479444                     /usr/lib/jvm/java-11-openjdk-amd64/lib/libjava.so
7fb6a372e000-7fb6a372f000 rw-p 0002a000 08:12 479444                     /usr/lib/jvm/java-11-openjdk-amd64/lib/libjava.so
7fb6a372f000-7fb6a3730000 rw-p 00000000 00:00 0 
7fb6a3730000-7fb6a3732000 r--p 00000000 08:12 404927                     /usr/lib/x86_64-linux-gnu/librt-2.28.so
7fb6a3732000-7fb6a3736000 r-xp 00002000 08:12 404927                     /usr/lib/x86_64-linux-gnu/librt-2.28.so
7fb6a3736000-7fb6a3738000 r--p 00006000 08:12 404927                     /usr/lib/x86_64-linux-gnu/librt-2.28.so
7fb6a3738000-7fb6a3739000 r--p 00007000 08:12 404927                     /usr/lib/x86_64-linux-gnu/librt-2.28.so
7fb6a3739000-7fb6a373a000 rw-p 00008000 08:12 404927                     /usr/lib/x86_64-linux-gnu/librt-2.28.so
7fb6a373a000-7fb6a373e000 ---p 00000000 00:00 0 
7fb6a373e000-7fb6a383b000 rw-p 00000000 00:00 0 
7fb6a383b000-7fb6a383e000 r--p 00000000 08:12 404082                     /usr/lib/x86_64-linux-gnu/libgcc_s.so.1
7fb6a383e000-7fb6a384f000 r-xp 00003000 08:12 404082                     /usr/lib/x86_64-linux-gnu/libgcc_s.so.1
7fb6a384f000-7fb6a3852000 r--p 00014000 08:12 404082                     /usr/lib/x86_64-linux-gnu/libgcc_s.so.1
7fb6a3852000-7fb6a3853000 ---p 00017000 08:12 404082                     /usr/lib/x86_64-linux-gnu/libgcc_s.so.1
7fb6a3853000-7fb6a3854000 r--p 00017000 08:12 404082                     /usr/lib/x86_64-linux-gnu/libgcc_s.so.1
7fb6a3854000-7fb6a3855000 rw-p 00018000 08:12 404082                     /usr/lib/x86_64-linux-gnu/libgcc_s.so.1
7fb6a3855000-7fb6a3862000 r--p 00000000 08:12 404485                     /usr/lib/x86_64-linux-gnu/libm-2.28.so
7fb6a3862000-7fb6a3901000 r-xp 0000d000 08:12 404485                     /usr/lib/x86_64-linux-gnu/libm-2.28.so
7fb6a3901000-7fb6a39d6000 r--p 000ac000 08:12 404485                     /usr/lib/x86_64-linux-gnu/libm-2.28.so
7fb6a39d6000-7fb6a39d7000 r--p 00180000 08:12 404485                     /usr/lib/x86_64-linux-gnu/libm-2.28.so
7fb6a39d7000-7fb6a39d8000 rw-p 00181000 08:12 404485                     /usr/lib/x86_64-linux-gnu/libm-2.28.so
7fb6a39d8000-7fb6a3a61000 r--p 00000000 08:12 405032                     /usr/lib/x86_64-linux-gnu/libstdc++.so.6.0.25
7fb6a3a61000-7fb6a3b0d000 r-xp 00089000 08:12 405032                     /usr/lib/x86_64-linux-gnu/libstdc++.so.6.0.25
7fb6a3b0d000-7fb6a3b4b000 r--p 00135000 08:12 405032                     /usr/lib/x86_64-linux-gnu/libstdc++.so.6.0.25
7fb6a3b4b000-7fb6a3b4c000 ---p 00173000 08:12 405032                     /usr/lib/x86_64-linux-gnu/libstdc++.so.6.0.25
7fb6a3b4c000-7fb6a3b56000 r--p 00173000 08:12 405032                     /usr/lib/x86_64-linux-gnu/libstdc++.so.6.0.25
7fb6a3b56000-7fb6a3b58000 rw-p 0017d000 08:12 405032                     /usr/lib/x86_64-linux-gnu/libstdc++.so.6.0.25
7fb6a3b58000-7fb6a3b5c000 rw-p 00000000 00:00 0 
7fb6a3b5c000-7fb6a3dd5000 r--p 00000000 08:12 479469                     /usr/lib/jvm/java-11-openjdk-amd64/lib/server/libjvm.so
7fb6a3dd5000-7fb6a49e6000 r-xp 00279000 08:12 479469                     /usr/lib/jvm/java-11-openjdk-amd64/lib/server/libjvm.so
7fb6a49e6000-7fb6a4c3d000 r--p 00e8a000 08:12 479469                     /usr/lib/jvm/java-11-openjdk-amd64/lib/server/libjvm.so
7fb6a4c3d000-7fb6a4cfe000 r--p 010e0000 08:12 479469                     /usr/lib/jvm/java-11-openjdk-amd64/lib/server/libjvm.so
7fb6a4cfe000-7fb6a4d39000 rw-p 011a1000 08:12 479469                     /usr/lib/jvm/java-11-openjdk-amd64/lib/server/libjvm.so
7fb6a4d39000-7fb6a4d92000 rw-p 00000000 00:00 0 
7fb6a4d92000-7fb6a4db4000 r--p 00000000 08:12 403748                     /usr/lib/x86_64-linux-gnu/libc-2.28.so
7fb6a4db4000-7fb6a4efc000 r-xp 00022000 08:12 403748                     /usr/lib/x86_64-linux-gnu/libc-2.28.so
7fb6a4efc000-7fb6a4f48000 r--p 0016a000 08:12 403748                     /usr/lib/x86_64-linux-gnu/libc-2.28.so
7fb6a4f48000-7fb6a4f49000 ---p 001b6000 08:12 403748                     /usr/lib/x86_64-linux-gnu/libc-2.28.so
7fb6a4f49000-7fb6a4f4d000 r--p 001b6000 08:12 403748                     /usr/lib/x86_64-linux-gnu/libc-2.28.so
7fb6a4f4d000-7fb6a4f4f000 rw-p 001ba000 08:12 403748                     /usr/lib/x86_64-linux-gnu/libc-2.28.so
7fb6a4f4f000-7fb6a4f53000 rw-p 00000000 00:00 0 
7fb6a4f53000-7fb6a4f54000 r--p 00000000 08:12 403904                     /usr/lib/x86_64-linux-gnu/libdl-2.28.so
7fb6a4f54000-7fb6a4f55000 r-xp 00001000 08:12 403904                     /usr/lib/x86_64-linux-gnu/libdl-2.28.so
7fb6a4f55000-7fb6a4f56000 r--p 00002000 08:12 403904                     /usr/lib/x86_64-linux-gnu/libdl-2.28.so
7fb6a4f56000-7fb6a4f57000 r--p 00002000 08:12 403904                     /usr/lib/x86_64-linux-gnu/libdl-2.28.so
7fb6a4f57000-7fb6a4f58000 rw-p 00003000 08:12 403904                     /usr/lib/x86_64-linux-gnu/libdl-2.28.so
7fb6a4f58000-7fb6a4f5b000 r--p 00000000 08:12 479428                     /usr/lib/jvm/java-11-openjdk-amd64/lib/jli/libjli.so
7fb6a4f5b000-7fb6a4f65000 r-xp 00003000 08:12 479428                     /usr/lib/jvm/java-11-openjdk-amd64/lib/jli/libjli.so
7fb6a4f65000-7fb6a4f68000 r--p 0000d000 08:12 479428                     /usr/lib/jvm/java-11-openjdk-amd64/lib/jli/libjli.so
7fb6a4f68000-7fb6a4f69000 ---p 00010000 08:12 479428                     /usr/lib/jvm/java-11-openjdk-amd64/lib/jli/libjli.so
7fb6a4f69000-7fb6a4f6a000 r--p 00010000 08:12 479428                     /usr/lib/jvm/java-11-openjdk-amd64/lib/jli/libjli.so
7fb6a4f6a000-7fb6a4f6b000 rw-p 00011000 08:12 479428                     /usr/lib/jvm/java-11-openjdk-amd64/lib/jli/libjli.so
7fb6a4f6b000-7fb6a4f71000 r--p 00000000 08:12 404851                     /usr/lib/x86_64-linux-gnu/libpthread-2.28.so
7fb6a4f71000-7fb6a4f80000 r-xp 00006000 08:12 404851                     /usr/lib/x86_64-linux-gnu/libpthread-2.28.so
7fb6a4f80000-7fb6a4f86000 r--p 00015000 08:12 404851                     /usr/lib/x86_64-linux-gnu/libpthread-2.28.so
7fb6a4f86000-7fb6a4f87000 r--p 0001a000 08:12 404851                     /usr/lib/x86_64-linux-gnu/libpthread-2.28.so
7fb6a4f87000-7fb6a4f88000 rw-p 0001b000 08:12 404851                     /usr/lib/x86_64-linux-gnu/libpthread-2.28.so
7fb6a4f88000-7fb6a4f8c000 rw-p 00000000 00:00 0 
7fb6a4f8c000-7fb6a4fa8000 r-xp 00000000 08:12 405347                     /usr/lib/x86_64-linux-gnu/libz.so.1.2.11
7fb6a4fa8000-7fb6a51a8000 ---p 0001c000 08:12 405347                     /usr/lib/x86_64-linux-gnu/libz.so.1.2.11
7fb6a51a8000-7fb6a51a9000 r--p 0001c000 08:12 405347                     /usr/lib/x86_64-linux-gnu/libz.so.1.2.11
7fb6a51a9000-7fb6a51aa000 rw-p 0001d000 08:12 405347                     /usr/lib/x86_64-linux-gnu/libz.so.1.2.11
7fb6a51aa000-7fb6a51ac000 rw-p 00000000 00:00 0 
7fb6a51ad000-7fb6a51af000 r--p 00000000 08:12 479448                     /usr/lib/jvm/java-11-openjdk-amd64/lib/libjimage.so
7fb6a51af000-7fb6a51b2000 r-xp 00002000 08:12 479448                     /usr/lib/jvm/java-11-openjdk-amd64/lib/libjimage.so
7fb6a51b2000-7fb6a51b4000 r--p 00005000 08:12 479448                     /usr/lib/jvm/java-11-openjdk-amd64/lib/libjimage.so
7fb6a51b4000-7fb6a51b5000 r--p 00006000 08:12 479448                     /usr/lib/jvm/java-11-openjdk-amd64/lib/libjimage.so
7fb6a51b5000-7fb6a51b6000 rw-p 00007000 08:12 479448                     /usr/lib/jvm/java-11-openjdk-amd64/lib/libjimage.so
7fb6a51b6000-7fb6a51bb000 r--p 00000000 08:12 479464                     /usr/lib/jvm/java-11-openjdk-amd64/lib/libverify.so
7fb6a51bb000-7fb6a51c2000 r-xp 00005000 08:12 479464                     /usr/lib/jvm/java-11-openjdk-amd64/lib/libverify.so
7fb6a51c2000-7fb6a51c4000 r--p 0000c000 08:12 479464                     /usr/lib/jvm/java-11-openjdk-amd64/lib/libverify.so
7fb6a51c4000-7fb6a51c6000 r--p 0000d000 08:12 479464                     /usr/lib/jvm/java-11-openjdk-amd64/lib/libverify.so
7fb6a51c6000-7fb6a51c7000 rw-p 0000f000 08:12 479464                     /usr/lib/jvm/java-11-openjdk-amd64/lib/libverify.so
7fb6a51c7000-7fb6a51c8000 r--p 00000000 08:12 403181                     /usr/lib/x86_64-linux-gnu/ld-2.28.so
7fb6a51c8000-7fb6a51e6000 r-xp 00001000 08:12 403181                     /usr/lib/x86_64-linux-gnu/ld-2.28.so
7fb6a51e6000-7fb6a51ee000 r--p 0001f000 08:12 403181                     /usr/lib/x86_64-linux-gnu/ld-2.28.so
7fb6a51ee000-7fb6a51ef000 r--p 00026000 08:12 403181                     /usr/lib/x86_64-linux-gnu/ld-2.28.so
7fb6a51ef000-7fb6a51f0000 rw-p 00027000 08:12 403181                     /usr/lib/x86_64-linux-gnu/ld-2.28.so
7fb6a51f0000-7fb6a51f1000 rw-p 00000000 00:00 0 
7fffbd5ab000-7fffbd5cc000 rw-p 00000000 00:00 0                          [stack]
7fffbd5e5000-7fffbd5e8000 r--p 00000000 00:00 0                          [vvar]
7fffbd5e8000-7fffbd5ea000 r-xp 00000000 00:00 0                          [vdso]


VM Arguments:
jvm_args: -Dapplication.home=/usr/lib/jvm/java-11-openjdk-amd64 --add-modules=ALL-DEFAULT -Xms8m -Djdk.module.main=jdk.compiler 
java_command: jdk.compiler/com.sun.tools.javac.Main -Xlint -sourcepath /home/carper/local/projects/sbdemo/microservices/price-service/src/main/java/ -d /tmp/vk7D8vg/37 /tmp/vk7D8vg/38/PriceServiceImpl.java
java_class_path (initial): <not set>
Launcher Type: SUN_STANDARD

[Global flags]
     intx CICompilerCount                          = 3                                         {product} {ergonomic}
     uint ConcGCThreads                            = 1                                         {product} {ergonomic}
     uint G1ConcRefinementThreads                  = 4                                         {product} {ergonomic}
   size_t G1HeapRegionSize                         = 1048576                                   {product} {ergonomic}
    uintx GCDrainStackTargetSize                   = 64                                        {product} {ergonomic}
   size_t InitialHeapSize                          = 8388608                                   {product} {command line}
   size_t MarkStackSize                            = 4194304                                   {product} {ergonomic}
   size_t MaxHeapSize                              = 2067791872                                {product} {ergonomic}
   size_t MaxNewSize                               = 1240465408                                {product} {ergonomic}
   size_t MinHeapDeltaBytes                        = 1048576                                   {product} {ergonomic}
    uintx NonNMethodCodeHeapSize                   = 5830732                                {pd product} {ergonomic}
    uintx NonProfiledCodeHeapSize                  = 122913754                              {pd product} {ergonomic}
    uintx ProfiledCodeHeapSize                     = 122913754                              {pd product} {ergonomic}
    uintx ReservedCodeCacheSize                    = 251658240                              {pd product} {ergonomic}
     bool SegmentedCodeCache                       = true                                      {product} {ergonomic}
     bool UseCompressedClassPointers               = true                                 {lp64_product} {ergonomic}
     bool UseCompressedOops                        = true                                 {lp64_product} {ergonomic}
     bool UseG1GC                                  = true                                      {product} {ergonomic}

Logging:
Log output configuration:
 #0: stdout all=warning uptime,level,tags
 #1: stderr all=off uptime,level,tags

Environment Variables:
PATH=/usr/local/bin:/usr/bin:/bin:/usr/local/games:/usr/games
SHELL=/bin/bash
DISPLAY=:0.0
LANG=en_US.UTF-8
LC_ALL=

Signal Handlers:
SIGSEGV: [libjvm.so+0xe170c0], sa_mask[0]=11111111011111111101111111111110, sa_flags=SA_RESTART|SA_SIGINFO
SIGBUS: [libjvm.so+0xe170c0], sa_mask[0]=11111111011111111101111111111110, sa_flags=SA_RESTART|SA_SIGINFO
SIGFPE: [libjvm.so+0xe170c0], sa_mask[0]=11111111011111111101111111111110, sa_flags=SA_RESTART|SA_SIGINFO
SIGPIPE: [libjvm.so+0xb6c750], sa_mask[0]=11111111011111111101111111111110, sa_flags=SA_RESTART|SA_SIGINFO
SIGXFSZ: [libjvm.so+0xb6c750], sa_mask[0]=11111111011111111101111111111110, sa_flags=SA_RESTART|SA_SIGINFO
SIGILL: [libjvm.so+0xe170c0], sa_mask[0]=11111111011111111101111111111110, sa_flags=SA_RESTART|SA_SIGINFO
SIGUSR2: [libjvm.so+0xb6c5e0], sa_mask[0]=00000000000000000000000000000000, sa_flags=SA_RESTART|SA_SIGINFO
SIGHUP: [libjvm.so+0xb6ca90], sa_mask[0]=11111111011111111101111111111110, sa_flags=SA_RESTART|SA_SIGINFO
SIGINT: [libjvm.so+0xb6ca90], sa_mask[0]=11111111011111111101111111111110, sa_flags=SA_RESTART|SA_SIGINFO
SIGTERM: [libjvm.so+0xb6ca90], sa_mask[0]=11111111011111111101111111111110, sa_flags=SA_RESTART|SA_SIGINFO
SIGQUIT: [libjvm.so+0xb6ca90], sa_mask[0]=11111111011111111101111111111110, sa_flags=SA_RESTART|SA_SIGINFO


---------------  S Y S T E M  ---------------

OS:PRETTY_NAME="MX 19.2 patito feo"
DISTRIB_ID=MX
DISTRIB_RELEASE=19.2
DISTRIB_CODENAME="patito feo"
DISTRIB_DESCRIPTION="MX 19.2 patito feo"
uname:Linux 4.19.0-9-amd64 #1 SMP Debian 4.19.118-2 (2020-04-29) x86_64
OS uptime: 0 days 1:31 hours
libc:glibc 2.28 NPTL 2.28 
rlimit (soft/hard): STACK 8192k/infinity , CORE 0k/infinity , NPROC 30777/30777 , NOFILE 4096/4096 , AS infinity/infinity , CPU infinity/infinity , DATA infinity/infinity , FSIZE infinity/infinity , MEMLOCK 64k/64k
load average:0.38 0.61 0.97

/proc/meminfo:
MemTotal:        8074332 kB
MemFree:         3268884 kB
MemAvailable:    5332824 kB
Buffers:          103100 kB
Cached:          2196140 kB
SwapCached:            0 kB
Active:          2726872 kB
Inactive:        1812608 kB
Active(anon):    1976424 kB
Inactive(anon):   317000 kB
Active(file):     750448 kB
Inactive(file):  1495608 kB
Unevictable:          96 kB
Mlocked:              96 kB
SwapTotal:             0 kB
SwapFree:              0 kB
Dirty:               164 kB
Writeback:             0 kB
AnonPages:       2200272 kB
Mapped:           732644 kB
Shmem:            318376 kB
Slab:             139712 kB
SReclaimable:      84180 kB
SUnreclaim:        55532 kB
KernelStack:       10724 kB
PageTables:        29388 kB
NFS_Unstable:          0 kB
Bounce:                0 kB
WritebackTmp:          0 kB
CommitLimit:     4037164 kB
Committed_AS:    6639784 kB
VmallocTotal:   34359738367 kB
VmallocUsed:           0 kB
VmallocChunk:          0 kB
Percpu:              912 kB
HardwareCorrupted:     0 kB
AnonHugePages:    616448 kB
ShmemHugePages:        0 kB
ShmemPmdMapped:        0 kB
HugePages_Total:       0
HugePages_Free:        0
HugePages_Rsvd:        0
HugePages_Surp:        0
Hugepagesize:       2048 kB
Hugetlb:               0 kB
DirectMap4k:      213612 kB
DirectMap2M:     8079360 kB

/sys/kernel/mm/transparent_hugepage/enabled:
[always] madvise never
/sys/kernel/mm/transparent_hugepage/defrag (defrag/compaction efforts parameter):
always defer defer+madvise [madvise] never

/proc/sys/kernel/threads-max (system-wide limit on the number of threads):
61555
/proc/sys/vm/max_map_count (maximum number of memory map areas a process may have):
65530
/proc/sys/kernel/pid_max (system-wide limit on number of process identifiers):
32768

container (cgroup) information:
container_type: cgroupv1
cpu_cpuset_cpus: 0-3
cpu_memory_nodes: 0
active_processor_count: 4
cpu_quota: -1
cpu_period: 100000
cpu_shares: -1
memory_limit_in_bytes: -1
memory_and_swap_limit_in_bytes: -2
memory_soft_limit_in_bytes: -1
memory_usage_in_bytes: 4055736320
memory_max_usage_in_bytes: 4632727552

Steal ticks since vm start: 0
Steal ticks percentage since vm start:  0.000

CPU:total 4 (initial active 4) (2 cores per cpu, 2 threads per core) family 6 model 58 stepping 9, cmov, cx8, fxsr, mmx, sse, sse2, sse3, ssse3, sse4.1, sse4.2, popcnt, avx, aes, clmul, erms, ht, tsc, tscinvbit, tscinv
CPU Model and flags from /proc/cpuinfo:
model name	: Intel(R) Core(TM) i7-3520M CPU @ 2.90GHz
flags		: fpu vme de pse tsc msr pae mce cx8 apic sep mtrr pge mca cmov pat pse36 clflush dts acpi mmx fxsr sse sse2 ss ht tm pbe syscall nx rdtscp lm constant_tsc arch_perfmon pebs bts rep_good nopl xtopology nonstop_tsc cpuid aperfmperf pni pclmulqdq dtes64 monitor ds_cpl vmx smx est tm2 ssse3 cx16 xtpr pdcm pcid sse4_1 sse4_2 x2apic popcnt tsc_deadline_timer aes xsave avx f16c rdrand lahf_lm cpuid_fault pti ssbd ibrs ibpb stibp tpr_shadow vnmi flexpriority ept vpid fsgsbase smep erms xsaveopt dtherm ida arat pln pts md_clear flush_l1d
Online cpus:
0-3
Offline cpus:

BIOS frequency limitation:
<Not Available>
Frequency switch latency (ns):
0
Available cpu frequencies:
<Not Available>
Current governor:
powersave
Core performance/turbo boost:
<Not Available>

Memory: 4k page, physical 8074332k(3268884k free), swap 0k(0k free)

vm_info: OpenJDK 64-Bit Server VM (11.0.9.1+1-post-Debian-1deb10u2) for linux-amd64 JRE (11.0.9.1+1-post-Debian-1deb10u2), built on Nov 28 2020 17:42:37 by "unknown" with gcc 8.3.0

END.
