#
# A fatal error has been detected by the Java Runtime Environment:
#
#  SIGILL (0x4) at pc=0x00007efffe92bfb0, pid=14380, tid=14395
#
# JRE version: OpenJDK Runtime Environment (11.0.9.1+1) (build 11.0.9.1+1-post-Debian-1deb10u2)
# Java VM: OpenJDK 64-Bit Server VM (11.0.9.1+1-post-Debian-1deb10u2, mixed mode, sharing, tiered, compressed oops, g1 gc, linux-amd64)
# Problematic frame:
# V  [libjvm.so+0x867fb0]
#
# No core dump will be written. Core dumps have been disabled. To enable core dumping, try "ulimit -c unlimited" before starting Java again
#
# If you would like to submit a bug report, please visit:
#   https://bugs.debian.org/openjdk-11
#

---------------  S U M M A R Y ------------

Command Line: -Dapplication.home=/usr/lib/jvm/java-11-openjdk-amd64 --add-modules=ALL-DEFAULT -Xms8m -Djdk.module.main=jdk.compiler jdk.compiler/com.sun.tools.javac.Main -Xlint -sourcepath /home/carper/local/projects/sbdemo/api/src/main/java/ -d /tmp/vk7D8vg/33 /tmp/vk7D8vg/34/PriceService.java

Host: Intel(R) Core(TM) i7-3520M CPU @ 2.90GHz, 4 cores, 7G, MX 19.2 patito feo
Time: Fri Mar  5 11:53:21 2021 EST elapsed time: 0.081889 seconds (0d 0h 0m 0s)

---------------  T H R E A D  ---------------

Current thread (0x00007effa8076800):  JavaThread "C2 CompilerThread1" daemon [_thread_in_native, id=14395, stack(0x00007effd18f9000,0x00007effd19fa000)]


Current CompileTask:
C2:     81  150       4       java.util.HashMap::newNode (13 bytes)

Stack: [0x00007effd18f9000,0x00007effd19fa000],  sp=0x00007effd19f5718,  free space=1009k
Native frames: (J=compiled Java code, A=aot compiled Java code, j=interpreted, Vv=VM code, C=native code)
V  [libjvm.so+0x867fb0]
V  [libjvm.so+0xb8aa7f]
V  [libjvm.so+0x5f0889]
V  [libjvm.so+0x5f48f9]
V  [libjvm.so+0x51d8b0]
V  [libjvm.so+0x5fd9d7]
V  [libjvm.so+0x5fecf8]
V  [libjvm.so+0xdb4bd0]
V  [libjvm.so+0xdb0a89]
V  [libjvm.so+0xb75f1e]


siginfo: si_signo: 4 (SIGILL), si_code: 2 (ILL_ILLOPN), si_addr: 0x00007efffe92bfb0

Register to memory mapping:

RAX=0x00007effa404d0fc points into unknown readable memory: ff ff ff ff
RBX=0x00007effd19f5780 is pointing into the stack for thread: 0x00007effa8076800
RCX=0x0000000000000001 is an unknown value
RDX=0x0000000000000003 is an unknown value
RSP=0x00007effd19f5718 is pointing into the stack for thread: 0x00007effa8076800
RBP=0x00007effd19f57f0 is pointing into the stack for thread: 0x00007effa8076800
RSI=0x0000000000000001 is an unknown value
RDI=0x00007effd19f57a0 is pointing into the stack for thread: 0x00007effa8076800
R8 =0x00007effd19f57a0 is pointing into the stack for thread: 0x00007effa8076800
R9 =0x00000000000002de is an unknown value
R10=0xffffffffffffffff is an unknown value
R11=0x0000000000000010 is an unknown value
R12=0x0000000000000002 is an unknown value
R13=0x00007effd19f7f50 is pointing into the stack for thread: 0x00007effa8076800
R14=0x0000000000000021 is an unknown value
R15=0x00007effd19f57a0 is pointing into the stack for thread: 0x00007effa8076800


Registers:
RAX=0x00007effa404d0fc, RBX=0x00007effd19f5780, RCX=0x0000000000000001, RDX=0x0000000000000003
RSP=0x00007effd19f5718, RBP=0x00007effd19f57f0, RSI=0x0000000000000001, RDI=0x00007effd19f57a0
R8 =0x00007effd19f57a0, R9 =0x00000000000002de, R10=0xffffffffffffffff, R11=0x0000000000000010
R12=0x0000000000000002, R13=0x00007effd19f7f50, R14=0x0000000000000021, R15=0x00007effd19f57a0
RIP=0x00007efffe92bfb0, EFLAGS=0x0000000000010206, CSGSFS=0x002b000000000033, ERR=0x0000000000000000
  TRAPNO=0x0000000000000006

Top of Stack: (sp=0x00007effd19f5718)
0x00007effd19f5718:   00007efffec4dcc8 0000000000000000
0x00007effd19f5728:   00007efffe67a160 00007effd19f87f8
0x00007effd19f5738:   00007effd19f5640 0000000000000025
0x00007effd19f5748:   00007effd19f57a0 00007effd19f5780 

Instructions: (pc=0x00007efffe92bfb0)
0x00007efffe92beb0:   01 21 d1 38 d1 74 0d 41 0f b6 4c 24 30 09 ca 41
0x00007efffe92bec0:   88 54 24 30 4d 8b 6c 24 30 49 c1 ed 10 48 85 c0
0x00007efffe92bed0:   0f 84 42 02 00 00 48 8b 55 b8 48 89 c1 48 29 d1
0x00007efffe92bee0:   48 83 f9 08 0f 86 96 03 00 00 48 85 d2 0f 84 b8
0x00007efffe92bef0:   00 00 00 80 7d d8 00 0f 84 e3 02 00 00 4c 89 e8
0x00007efffe92bf00:   48 83 e0 80 0f 84 56 06 00 00 44 89 e8 83 c8 80
0x00007efffe92bf10:   88 02 4c 89 e8 48 c1 e8 07 48 89 c1 48 83 e1 80
0x00007efffe92bf20:   0f 84 0a 07 00 00 83 c8 80 88 42 01 4c 89 e8 48
0x00007efffe92bf30:   c1 e8 0e 48 89 c1 48 83 e1 80 0f 84 f0 05 00 00
0x00007efffe92bf40:   83 c8 80 88 42 02 4c 89 e8 48 c1 e8 15 a9 80 ff
0x00007efffe92bf50:   ff 07 0f 84 e8 06 00 00 83 c8 80 88 42 03 4c 89
0x00007efffe92bf60:   e8 48 c1 e8 1c a9 80 ff 0f 00 0f 84 17 07 00 00
0x00007efffe92bf70:   83 c8 80 88 42 04 4c 89 e8 48 c1 e8 23 a9 80 1f
0x00007efffe92bf80:   00 00 0f 84 19 07 00 00 49 c1 ed 2a 83 c8 80 44
0x00007efffe92bf90:   88 6a 06 88 42 05 b8 07 00 00 00 0f 1f 44 00 00
0x00007efffe92bfa0:   48 01 c2 48 8b 45 c0 48 89 55 b8 45 31 e4 48 85
0x00007efffe92bfb0:   db 74 2b 48 8d 15 8e d0 99 00 0f b6 4b 50 80 3a
0x00007efffe92bfc0:   00 0f 95 c2 83 c2 01 21 d1 38 d1 74 09 0f b6 4b
0x00007efffe92bfd0:   50 09 ca 88 53 50 4c 8b 63 50 49 c1 ec 10 48 85
0x00007efffe92bfe0:   c0 0f 84 6c 01 00 00 48 8b 55 b8 48 89 c1 48 29
0x00007efffe92bff0:   d1 48 83 f9 08 0f 86 25 02 00 00 48 85 d2 0f 84
0x00007efffe92c000:   48 8b 77 18 c7 07 00 00 00 00 48 85 f6 74 e8 55
0x00007efffe92c010:   48 89 e5 53 48 89 fb 48 83 ec 08 e8 70 8d f5 ff
0x00007efffe92c020:   48 c7 43 18 00 00 00 00 48 83 c4 08 5b 5d c3 90
0x00007efffe92c030:   55 31 f6 bf 00 08 00 00 48 89 e5 41 57 41 56 41
0x00007efffe92c040:   55 41 54 53 48 81 ec e8 00 00 00 48 8d 05 0e 21
0x00007efffe92c050:   88 00 48 c7 45 98 00 00 00 00 48 83 c0 10 48 89
0x00007efffe92c060:   45 90 e8 a9 87 3b 00 48 89 c2 48 85 c0 74 2e 48
0x00007efffe92c070:   8d 78 08 48 89 c1 48 c7 00 00 00 00 00 48 c7 80
0x00007efffe92c080:   f8 07 00 00 00 00 00 00 48 83 e7 f8 31 c0 48 29
0x00007efffe92c090:   f9 81 c1 00 08 00 00 c1 e9 03 f3 48 ab 66 0f ef
0x00007efffe92c0a0:   c0 48 8d 05 f0 ef 92 00 48 8d 7d 90 48 89 55 a0 


Stack slot to memory mapping:
stack at sp + 0 slots: 0x00007efffec4dcc8: <offset 0x0000000000b89cc8> in /usr/lib/jvm/java-11-openjdk-amd64/lib/server/libjvm.so at 0x00007efffe0c4000
stack at sp + 1 slots: 0x0 is NULL
stack at sp + 2 slots: 0x00007efffe67a160: <offset 0x00000000005b6160> in /usr/lib/jvm/java-11-openjdk-amd64/lib/server/libjvm.so at 0x00007efffe0c4000
stack at sp + 3 slots: 0x00007effd19f87f8 is pointing into the stack for thread: 0x00007effa8076800
stack at sp + 4 slots: 0x00007effd19f5640 is pointing into the stack for thread: 0x00007effa8076800
stack at sp + 5 slots: 0x0000000000000025 is an unknown value
stack at sp + 6 slots: 0x00007effd19f57a0 is pointing into the stack for thread: 0x00007effa8076800
stack at sp + 7 slots: 0x00007effd19f5780 is pointing into the stack for thread: 0x00007effa8076800


---------------  P R O C E S S  ---------------

Threads class SMR info:
_java_thread_list=0x00007effa8077ea0, length=9, elements={
0x00007efff8016800, 0x00007efff80b0800, 0x00007efff80b2800, 0x00007efff80b8000,
0x00007efff80ba000, 0x00007efff80bc000, 0x00007efff80be000, 0x00007efff80e4000,
0x00007effa8076800
}

Java Threads: ( => current thread )
  0x00007efff8016800 
[error occurred during error reporting (printing all threads), id 0xb, SIGSEGV (0xb) at pc=0x00007efffee73e0b]

VM state:not at safepoint (normal execution)

VM Mutex/Monitor currently owned by a thread: None

Heap address: 0x0000000084c00000, size: 1972 MB, Compressed Oops mode: 32-bit
Narrow klass base: 0x0000000800000000, Narrow klass shift: 3
Compressed class space size: 1073741824 Address: 0x0000000840000000

Heap:
 garbage-first heap   total 10240K, used 1736K [0x0000000084c00000, 0x0000000100000000)
  region size 1024K, 2 young (2048K), 0 survivors (0K)
 Metaspace       used 359K, capacity 4515K, committed 4864K, reserved 1056768K
  class space    used 29K, capacity 398K, committed 512K, reserved 1048576K
Heap Regions: E=young(eden), S=young(survivor), O=old, HS=humongous(starts), HC=humongous(continues), CS=collection set, F=free, A=archive, TAMS=top-at-mark-start (previous, next)
|   0|0x0000000084c00000, 0x0000000084c00000, 0x0000000084d00000|  0%| F|  |TAMS 0x0000000084c00000, 0x0000000084c00000| Untracked 
|   1|0x0000000084d00000, 0x0000000084d00000, 0x0000000084e00000|  0%| F|  |TAMS 0x0000000084d00000, 0x0000000084d00000| Untracked 
|   2|0x0000000084e00000, 0x0000000084e00000, 0x0000000084f00000|  0%| F|  |TAMS 0x0000000084e00000, 0x0000000084e00000| Untracked 
|   3|0x0000000084f00000, 0x0000000084f00000, 0x0000000085000000|  0%| F|  |TAMS 0x0000000084f00000, 0x0000000084f00000| Untracked 
|   4|0x0000000085000000, 0x0000000085000000, 0x0000000085100000|  0%| F|  |TAMS 0x0000000085000000, 0x0000000085000000| Untracked 
|   5|0x0000000085100000, 0x0000000085100000, 0x0000000085200000|  0%| F|  |TAMS 0x0000000085100000, 0x0000000085100000| Untracked 
|   6|0x0000000085200000, 0x000000008521f6a0, 0x0000000085300000| 12%| E|  |TAMS 0x0000000085200000, 0x0000000085200000| Complete 
|   7|0x0000000085300000, 0x0000000085400000, 0x0000000085400000|100%| E|CS|TAMS 0x0000000085300000, 0x0000000085300000| Complete 
|1970|0x00000000ffe00000, 0x00000000ffe47000, 0x00000000fff00000| 27%|OA|  |TAMS 0x00000000ffe00000, 0x00000000ffe00000| Untracked 
|1971|0x00000000fff00000, 0x00000000fff6b000, 0x0000000100000000| 41%|CA|  |TAMS 0x00000000fff00000, 0x00000000fff00000| Untracked 

Card table byte_map: [0x00007efffcd9d000,0x00007efffd177000] _byte_map_base: 0x00007efffc977000

Marking Bits (Prev, Next): (CMBitMap*) 0x00007efff8056ed8, (CMBitMap*) 0x00007efff8056f10
 Prev Bits: [0x00007effda130000, 0x00007effdc000000)
 Next Bits: [0x00007effd8260000, 0x00007effda130000)

Polling page: 0x00007efffdc69000

Metaspace:

Usage:
  Non-class:      4.02 MB capacity,   329.12 KB (  8%) used,     3.70 MB ( 92%) free+waste,     1.38 KB ( <1%) overhead. 
      Class:    398.00 KB capacity,    29.95 KB (  8%) used,   367.11 KB ( 92%) free+waste,   960 bytes ( <1%) overhead. 
       Both:      4.41 MB capacity,   359.08 KB (  8%) used,     4.06 MB ( 92%) free+waste,     2.31 KB ( <1%) overhead. 

Virtual space:
  Non-class space:        8.00 MB reserved,       4.25 MB ( 53%) committed 
      Class space:        1.00 GB reserved,     512.00 KB ( <1%) committed 
             Both:        1.01 GB reserved,       4.75 MB ( <1%) committed 

Chunk freelists:
   Non-Class:  0 bytes
       Class:  0 bytes
        Both:  0 bytes

MaxMetaspaceSize: unlimited
CompressedClassSpaceSize: 1.00 GB

CodeHeap 'non-profiled nmethods': size=120032Kb used=43Kb max_used=43Kb free=119988Kb
 bounds [0x00007effe8361000, 0x00007effe85d1000, 0x00007effef899000]
CodeHeap 'profiled nmethods': size=120032Kb used=187Kb max_used=187Kb free=119844Kb
 bounds [0x00007effe0e29000, 0x00007effe1099000, 0x00007effe8361000]
CodeHeap 'non-nmethods': size=5696Kb used=1036Kb max_used=1036Kb free=4659Kb
 bounds [0x00007effe0899000, 0x00007effe0b09000, 0x00007effe0e29000]
 total_blobs=449 nmethods=162 adapters=196
 compilation: enabled
              stopped_count=0, restarted_count=0
 full_count=0

Compilation events (20 events):
Event: 0.061 Thread 0x00007efff80bc000 nmethod 154 0x00007effe0e54190 code [0x00007effe0e54340, 0x00007effe0e544d0]
Event: 0.061 Thread 0x00007efff80bc000  153       3       java.util.Collections$UnmodifiableCollection$1::hasNext (10 bytes)
Event: 0.061 Thread 0x00007efff80bc000 nmethod 153 0x00007effe0e54590 code [0x00007effe0e54740, 0x00007effe0e54920]
Event: 0.061 Thread 0x00007efff80bc000  149       1       java.lang.module.ResolvedModule::configuration (5 bytes)
Event: 0.061 Thread 0x00007efff80bc000 nmethod 149 0x00007effe836ae10 code [0x00007effe836afc0, 0x00007effe836b090]
Event: 0.061 Thread 0x00007efff80bc000  157       3       java.util.concurrent.ConcurrentHashMap$Node::<init> (20 bytes)
Event: 0.061 Thread 0x00007efff80bc000 nmethod 157 0x00007effe0e54a10 code [0x00007effe0e54bc0, 0x00007effe0e54df0]
Event: 0.061 Thread 0x00007efff80bc000  156       1       java.lang.module.ModuleDescriptor$Provides::service (5 bytes)
Event: 0.061 Thread 0x00007efff80bc000 nmethod 156 0x00007effe836b110 code [0x00007effe836b2c0, 0x00007effe836b390]
Event: 0.061 Thread 0x00007efff80bc000  155       1       java.lang.module.ModuleDescriptor::isOpen (5 bytes)
Event: 0.061 Thread 0x00007efff80bc000 nmethod 155 0x00007effe836b410 code [0x00007effe836b5c0, 0x00007effe836b690]
Event: 0.061 Thread 0x00007efff80bc000  158       3       java.util.ImmutableCollections$SetN::<init> (90 bytes)
Event: 0.063 Thread 0x00007efff80bc000 nmethod 158 0x00007effe0e54e90 code [0x00007effe0e55180, 0x00007effe0e56190]
Event: 0.063 Thread 0x00007efff80bc000  161       3       java.util.HashMap$ValueIterator::next (8 bytes)
Event: 0.063 Thread 0x00007efff80bc000 nmethod 161 0x00007effe0e56710 code [0x00007effe0e568c0, 0x00007effe0e56a00]
Event: 0.063 Thread 0x00007efff80bc000  159       3       java.util.ImmutableCollections$AbstractImmutableSet::<init> (5 bytes)
Event: 0.063 Thread 0x00007efff80bc000 nmethod 159 0x00007effe0e56b10 code [0x00007effe0e56ce0, 0x00007effe0e56f10]
Event: 0.063 Thread 0x00007efff80bc000  163       3       jdk.internal.module.ModuleBootstrap$2::hasNext (30 bytes)
Event: 0.063 Thread 0x00007efff80bc000 nmethod 163 0x00007effe0e57010 code [0x00007effe0e571e0, 0x00007effe0e57530]
Event: 0.063 Thread 0x00007efff80bc000  164       3       jdk.internal.module.ModuleBootstrap$2::next (52 bytes)

GC Heap History (0 events):
No events

Deoptimization events (0 events):
No events

Classes redefined (0 events):
No events

Internal exceptions (0 events):
No events

Events (20 events):
Event: 0.030 loading class java/lang/Module$ReflectionData done
Event: 0.030 loading class java/lang/WeakPairMap
Event: 0.030 loading class java/lang/WeakPairMap done
Event: 0.030 loading class java/lang/WeakPairMap$Pair
Event: 0.030 loading class java/lang/WeakPairMap$Pair done
Event: 0.030 loading class java/lang/WeakPairMap$Pair$Lookup
Event: 0.030 loading class java/lang/WeakPairMap$Pair$Lookup done
Event: 0.036 Thread 0x00007efff80e4000 Thread added: 0x00007efff80e4000
Event: 0.036 Protecting memory [0x00007effd19fa000,0x00007effd19fe000] with protection modes 0
Event: 0.040 loading class java/lang/invoke/DirectMethodHandle$Interface
Event: 0.040 loading class java/lang/invoke/DirectMethodHandle$Interface done
Event: 0.044 loading class java/lang/module/Resolver
Event: 0.044 loading class java/lang/module/Resolver done
Event: 0.045 loading class java/lang/module/ModuleFinder$1
Event: 0.045 loading class java/lang/module/ModuleFinder$1 done
Event: 0.046 loading class java/util/LinkedHashSet
Event: 0.046 loading class java/util/LinkedHashSet done
Event: 0.054 Thread 0x00007effa8076800 Thread added: 0x00007effa8076800
Event: 0.054 Protecting memory [0x00007effd18f9000,0x00007effd18fd000] with protection modes 0
Event: 0.064 loading class jdk/internal/module/ModuleBootstrap$SafeModuleFinder


Dynamic libraries:
84c00000-85400000 rw-p 00000000 00:00 0 
85400000-ffe00000 ---p 00000000 00:00 0 
ffe00000-ffe47000 rw-p 01111000 08:12 398318                             /usr/lib/jvm/java-11-openjdk-amd64/lib/server/classes.jsa
ffe47000-fff00000 rw-p 00000000 00:00 0 
fff00000-fff6b000 rw-p 010a6000 08:12 398318                             /usr/lib/jvm/java-11-openjdk-amd64/lib/server/classes.jsa
fff6b000-100000000 rw-p 00000000 00:00 0 
800000000-800002000 rwxp 00001000 08:12 398318                           /usr/lib/jvm/java-11-openjdk-amd64/lib/server/classes.jsa
800002000-8003b9000 rw-p 00003000 08:12 398318                           /usr/lib/jvm/java-11-openjdk-amd64/lib/server/classes.jsa
8003b9000-800a96000 r--p 003ba000 08:12 398318                           /usr/lib/jvm/java-11-openjdk-amd64/lib/server/classes.jsa
800a96000-800a97000 rw-p 00a97000 08:12 398318                           /usr/lib/jvm/java-11-openjdk-amd64/lib/server/classes.jsa
800a97000-8010a5000 r--p 00a98000 08:12 398318                           /usr/lib/jvm/java-11-openjdk-amd64/lib/server/classes.jsa
840000000-840080000 rw-p 00000000 00:00 0 
840080000-880000000 ---p 00000000 00:00 0 
5619c4c0d000-5619c4c0e000 r--p 00000000 08:12 398097                     /usr/lib/jvm/java-11-openjdk-amd64/bin/javac
5619c4c0e000-5619c4c0f000 r-xp 00001000 08:12 398097                     /usr/lib/jvm/java-11-openjdk-amd64/bin/javac
5619c4c0f000-5619c4c10000 r--p 00002000 08:12 398097                     /usr/lib/jvm/java-11-openjdk-amd64/bin/javac
5619c4c10000-5619c4c11000 r--p 00002000 08:12 398097                     /usr/lib/jvm/java-11-openjdk-amd64/bin/javac
5619c4c11000-5619c4c12000 rw-p 00003000 08:12 398097                     /usr/lib/jvm/java-11-openjdk-amd64/bin/javac
5619c5f52000-5619c5f73000 rw-p 00000000 00:00 0                          [heap]
7eff94000000-7eff94069000 rw-p 00000000 00:00 0 
7eff94069000-7eff98000000 ---p 00000000 00:00 0 
7eff9c000000-7eff9c021000 rw-p 00000000 00:00 0 
7eff9c021000-7effa0000000 ---p 00000000 00:00 0 
7effa0000000-7effa0021000 rw-p 00000000 00:00 0 
7effa0021000-7effa4000000 ---p 00000000 00:00 0 
7effa4000000-7effa4205000 rw-p 00000000 00:00 0 
7effa4205000-7effa8000000 ---p 00000000 00:00 0 
7effa8000000-7effa80ca000 rw-p 00000000 00:00 0 
7effa80ca000-7effac000000 ---p 00000000 00:00 0 
7effac000000-7effac021000 rw-p 00000000 00:00 0 
7effac021000-7effb0000000 ---p 00000000 00:00 0 
7effb3bcc000-7effb8000000 r--p 00000000 08:12 400967                     /usr/lib/locale/locale-archive
7effb8000000-7effb8021000 rw-p 00000000 00:00 0 
7effb8021000-7effbc000000 ---p 00000000 00:00 0 
7effbc000000-7effbc021000 rw-p 00000000 00:00 0 
7effbc021000-7effc0000000 ---p 00000000 00:00 0 
7effc0000000-7effc0021000 rw-p 00000000 00:00 0 
7effc0021000-7effc4000000 ---p 00000000 00:00 0 
7effc4000000-7effc4021000 rw-p 00000000 00:00 0 
7effc4021000-7effc8000000 ---p 00000000 00:00 0 
7effc8000000-7effc8021000 rw-p 00000000 00:00 0 
7effc8021000-7effcc000000 ---p 00000000 00:00 0 
7effcc000000-7effcc021000 rw-p 00000000 00:00 0 
7effcc021000-7effd0000000 ---p 00000000 00:00 0 
7effd18f9000-7effd18fd000 ---p 00000000 00:00 0 
7effd18fd000-7effd19fa000 rw-p 00000000 00:00 0 
7effd19fa000-7effd19fe000 ---p 00000000 00:00 0 
7effd19fe000-7effd1afb000 rw-p 00000000 00:00 0 
7effd1afb000-7effd1aff000 ---p 00000000 00:00 0 
7effd1aff000-7effd1bfc000 rw-p 00000000 00:00 0 
7effd1bfc000-7effd1c00000 ---p 00000000 00:00 0 
7effd1c00000-7effd1cfd000 rw-p 00000000 00:00 0 
7effd1cfd000-7effd1d01000 ---p 00000000 00:00 0 
7effd1d01000-7effd1dfe000 rw-p 00000000 00:00 0 
7effd1dfe000-7effd1e02000 ---p 00000000 00:00 0 
7effd1e02000-7effd1eff000 rw-p 00000000 00:00 0 
7effd1eff000-7effd1f03000 ---p 00000000 00:00 0 
7effd1f03000-7effd4000000 rw-p 00000000 00:00 0 
7effd4000000-7effd4021000 rw-p 00000000 00:00 0 
7effd4021000-7effd8000000 ---p 00000000 00:00 0 
7effd805d000-7effd8061000 ---p 00000000 00:00 0 
7effd8061000-7effd815e000 rw-p 00000000 00:00 0 
7effd815e000-7effd815f000 ---p 00000000 00:00 0 
7effd815f000-7effd8280000 rw-p 00000000 00:00 0 
7effd8280000-7effda128000 ---p 00000000 00:00 0 
7effda128000-7effda150000 rw-p 00000000 00:00 0 
7effda150000-7effdbff8000 ---p 00000000 00:00 0 
7effdbff8000-7effdc000000 rw-p 00000000 00:00 0 
7effdc000000-7effdc021000 rw-p 00000000 00:00 0 
7effdc021000-7effe0000000 ---p 00000000 00:00 0 
7effe0099000-7effe04d9000 rw-p 00000000 00:00 0 
7effe04d9000-7effe0899000 ---p 00000000 00:00 0 
7effe0899000-7effe0b09000 rwxp 00000000 00:00 0 
7effe0b09000-7effe0e29000 ---p 00000000 00:00 0 
7effe0e29000-7effe1099000 rwxp 00000000 00:00 0 
7effe1099000-7effe8361000 ---p 00000000 00:00 0 
7effe8361000-7effe85d1000 rwxp 00000000 00:00 0 
7effe85d1000-7effef899000 ---p 00000000 00:00 0 
7effef899000-7efff8000000 r--s 00000000 08:12 479466                     /usr/lib/jvm/java-11-openjdk-amd64/lib/modules
7efff8000000-7efff8114000 rw-p 00000000 00:00 0 
7efff8114000-7efffc000000 ---p 00000000 00:00 0 
7efffc02f000-7efffc175000 rw-p 00000000 00:00 0 
7efffc175000-7efffc176000 ---p 00000000 00:00 0 
7efffc176000-7efffc277000 rw-p 00000000 00:00 0 
7efffc277000-7efffc278000 ---p 00000000 00:00 0 
7efffc278000-7efffc77d000 rw-p 00000000 00:00 0 
7efffc77d000-7efffc77e000 ---p 00000000 00:00 0 
7efffc77e000-7efffc87f000 rw-p 00000000 00:00 0 
7efffc87f000-7efffc880000 ---p 00000000 00:00 0 
7efffc880000-7efffc9c7000 rw-p 00000000 00:00 0 
7efffc9c7000-7efffcd9c000 ---p 00000000 00:00 0 
7efffcd9c000-7efffcda1000 rw-p 00000000 00:00 0 
7efffcda1000-7efffd176000 ---p 00000000 00:00 0 
7efffd176000-7efffd17b000 rw-p 00000000 00:00 0 
7efffd17b000-7efffd550000 ---p 00000000 00:00 0 
7efffd550000-7efffd955000 rw-p 00000000 00:00 0 
7efffd955000-7efffd956000 ---p 00000000 00:00 0 
7efffd956000-7efffda5c000 rw-p 00000000 00:00 0 
7efffda5c000-7efffdb42000 ---p 00000000 00:00 0 
7efffdb42000-7efffdb47000 rw-p 00000000 00:00 0 
7efffdb47000-7efffdc2d000 ---p 00000000 00:00 0 
7efffdc2d000-7efffdc32000 rw-p 00000000 00:00 0 
7efffdc32000-7efffdc39000 ---p 00000000 00:00 0 
7efffdc39000-7efffdc3c000 r--p 00000000 08:12 404652                     /usr/lib/x86_64-linux-gnu/libnss_files-2.28.so
7efffdc3c000-7efffdc43000 r-xp 00003000 08:12 404652                     /usr/lib/x86_64-linux-gnu/libnss_files-2.28.so
7efffdc43000-7efffdc45000 r--p 0000a000 08:12 404652                     /usr/lib/x86_64-linux-gnu/libnss_files-2.28.so
7efffdc45000-7efffdc46000 ---p 0000c000 08:12 404652                     /usr/lib/x86_64-linux-gnu/libnss_files-2.28.so
7efffdc46000-7efffdc47000 r--p 0000c000 08:12 404652                     /usr/lib/x86_64-linux-gnu/libnss_files-2.28.so
7efffdc47000-7efffdc48000 rw-p 0000d000 08:12 404652                     /usr/lib/x86_64-linux-gnu/libnss_files-2.28.so
7efffdc48000-7efffdc4e000 rw-p 00000000 00:00 0 
7efffdc55000-7efffdc57000 r--s 00007000 08:12 332062                     /usr/share/java/java-atk-wrapper.jar
7efffdc57000-7efffdc59000 r--p 00000000 08:12 479465                     /usr/lib/jvm/java-11-openjdk-amd64/lib/libzip.so
7efffdc59000-7efffdc5d000 r-xp 00002000 08:12 479465                     /usr/lib/jvm/java-11-openjdk-amd64/lib/libzip.so
7efffdc5d000-7efffdc5f000 r--p 00006000 08:12 479465                     /usr/lib/jvm/java-11-openjdk-amd64/lib/libzip.so
7efffdc5f000-7efffdc60000 r--p 00007000 08:12 479465                     /usr/lib/jvm/java-11-openjdk-amd64/lib/libzip.so
7efffdc60000-7efffdc61000 rw-p 00008000 08:12 479465                     /usr/lib/jvm/java-11-openjdk-amd64/lib/libzip.so
7efffdc61000-7efffdc69000 rw-s 00000000 08:12 231                        /tmp/hsperfdata_carper/14380
7efffdc69000-7efffdc6a000 ---p 00000000 00:00 0 
7efffdc6a000-7efffdc6b000 r--p 00000000 00:00 0 
7efffdc6b000-7efffdc79000 r--p 00000000 08:12 479444                     /usr/lib/jvm/java-11-openjdk-amd64/lib/libjava.so
7efffdc79000-7efffdc8e000 r-xp 0000e000 08:12 479444                     /usr/lib/jvm/java-11-openjdk-amd64/lib/libjava.so
7efffdc8e000-7efffdc95000 r--p 00023000 08:12 479444                     /usr/lib/jvm/java-11-openjdk-amd64/lib/libjava.so
7efffdc95000-7efffdc96000 r--p 00029000 08:12 479444                     /usr/lib/jvm/java-11-openjdk-amd64/lib/libjava.so
7efffdc96000-7efffdc97000 rw-p 0002a000 08:12 479444                     /usr/lib/jvm/java-11-openjdk-amd64/lib/libjava.so
7efffdc97000-7efffdc98000 rw-p 00000000 00:00 0 
7efffdc98000-7efffdc9a000 r--p 00000000 08:12 404927                     /usr/lib/x86_64-linux-gnu/librt-2.28.so
7efffdc9a000-7efffdc9e000 r-xp 00002000 08:12 404927                     /usr/lib/x86_64-linux-gnu/librt-2.28.so
7efffdc9e000-7efffdca0000 r--p 00006000 08:12 404927                     /usr/lib/x86_64-linux-gnu/librt-2.28.so
7efffdca0000-7efffdca1000 r--p 00007000 08:12 404927                     /usr/lib/x86_64-linux-gnu/librt-2.28.so
7efffdca1000-7efffdca2000 rw-p 00008000 08:12 404927                     /usr/lib/x86_64-linux-gnu/librt-2.28.so
7efffdca2000-7efffdca6000 ---p 00000000 00:00 0 
7efffdca6000-7efffdda3000 rw-p 00000000 00:00 0 
7efffdda3000-7efffdda6000 r--p 00000000 08:12 404082                     /usr/lib/x86_64-linux-gnu/libgcc_s.so.1
7efffdda6000-7efffddb7000 r-xp 00003000 08:12 404082                     /usr/lib/x86_64-linux-gnu/libgcc_s.so.1
7efffddb7000-7efffddba000 r--p 00014000 08:12 404082                     /usr/lib/x86_64-linux-gnu/libgcc_s.so.1
7efffddba000-7efffddbb000 ---p 00017000 08:12 404082                     /usr/lib/x86_64-linux-gnu/libgcc_s.so.1
7efffddbb000-7efffddbc000 r--p 00017000 08:12 404082                     /usr/lib/x86_64-linux-gnu/libgcc_s.so.1
7efffddbc000-7efffddbd000 rw-p 00018000 08:12 404082                     /usr/lib/x86_64-linux-gnu/libgcc_s.so.1
7efffddbd000-7efffddca000 r--p 00000000 08:12 404485                     /usr/lib/x86_64-linux-gnu/libm-2.28.so
7efffddca000-7efffde69000 r-xp 0000d000 08:12 404485                     /usr/lib/x86_64-linux-gnu/libm-2.28.so
7efffde69000-7efffdf3e000 r--p 000ac000 08:12 404485                     /usr/lib/x86_64-linux-gnu/libm-2.28.so
7efffdf3e000-7efffdf3f000 r--p 00180000 08:12 404485                     /usr/lib/x86_64-linux-gnu/libm-2.28.so
7efffdf3f000-7efffdf40000 rw-p 00181000 08:12 404485                     /usr/lib/x86_64-linux-gnu/libm-2.28.so
7efffdf40000-7efffdfc9000 r--p 00000000 08:12 405032                     /usr/lib/x86_64-linux-gnu/libstdc++.so.6.0.25
7efffdfc9000-7efffe075000 r-xp 00089000 08:12 405032                     /usr/lib/x86_64-linux-gnu/libstdc++.so.6.0.25
7efffe075000-7efffe0b3000 r--p 00135000 08:12 405032                     /usr/lib/x86_64-linux-gnu/libstdc++.so.6.0.25
7efffe0b3000-7efffe0b4000 ---p 00173000 08:12 405032                     /usr/lib/x86_64-linux-gnu/libstdc++.so.6.0.25
7efffe0b4000-7efffe0be000 r--p 00173000 08:12 405032                     /usr/lib/x86_64-linux-gnu/libstdc++.so.6.0.25
7efffe0be000-7efffe0c0000 rw-p 0017d000 08:12 405032                     /usr/lib/x86_64-linux-gnu/libstdc++.so.6.0.25
7efffe0c0000-7efffe0c4000 rw-p 00000000 00:00 0 
7efffe0c4000-7efffe33d000 r--p 00000000 08:12 479469                     /usr/lib/jvm/java-11-openjdk-amd64/lib/server/libjvm.so
7efffe33d000-7efffef4e000 r-xp 00279000 08:12 479469                     /usr/lib/jvm/java-11-openjdk-amd64/lib/server/libjvm.so
7efffef4e000-7effff1a5000 r--p 00e8a000 08:12 479469                     /usr/lib/jvm/java-11-openjdk-amd64/lib/server/libjvm.so
7effff1a5000-7effff266000 r--p 010e0000 08:12 479469                     /usr/lib/jvm/java-11-openjdk-amd64/lib/server/libjvm.so
7effff266000-7effff2a1000 rw-p 011a1000 08:12 479469                     /usr/lib/jvm/java-11-openjdk-amd64/lib/server/libjvm.so
7effff2a1000-7effff2fa000 rw-p 00000000 00:00 0 
7effff2fa000-7effff31c000 r--p 00000000 08:12 403748                     /usr/lib/x86_64-linux-gnu/libc-2.28.so
7effff31c000-7effff464000 r-xp 00022000 08:12 403748                     /usr/lib/x86_64-linux-gnu/libc-2.28.so
7effff464000-7effff4b0000 r--p 0016a000 08:12 403748                     /usr/lib/x86_64-linux-gnu/libc-2.28.so
7effff4b0000-7effff4b1000 ---p 001b6000 08:12 403748                     /usr/lib/x86_64-linux-gnu/libc-2.28.so
7effff4b1000-7effff4b5000 r--p 001b6000 08:12 403748                     /usr/lib/x86_64-linux-gnu/libc-2.28.so
7effff4b5000-7effff4b7000 rw-p 001ba000 08:12 403748                     /usr/lib/x86_64-linux-gnu/libc-2.28.so
7effff4b7000-7effff4bb000 rw-p 00000000 00:00 0 
7effff4bb000-7effff4bc000 r--p 00000000 08:12 403904                     /usr/lib/x86_64-linux-gnu/libdl-2.28.so
7effff4bc000-7effff4bd000 r-xp 00001000 08:12 403904                     /usr/lib/x86_64-linux-gnu/libdl-2.28.so
7effff4bd000-7effff4be000 r--p 00002000 08:12 403904                     /usr/lib/x86_64-linux-gnu/libdl-2.28.so
7effff4be000-7effff4bf000 r--p 00002000 08:12 403904                     /usr/lib/x86_64-linux-gnu/libdl-2.28.so
7effff4bf000-7effff4c0000 rw-p 00003000 08:12 403904                     /usr/lib/x86_64-linux-gnu/libdl-2.28.so
7effff4c0000-7effff4c3000 r--p 00000000 08:12 479428                     /usr/lib/jvm/java-11-openjdk-amd64/lib/jli/libjli.so
7effff4c3000-7effff4cd000 r-xp 00003000 08:12 479428                     /usr/lib/jvm/java-11-openjdk-amd64/lib/jli/libjli.so
7effff4cd000-7effff4d0000 r--p 0000d000 08:12 479428                     /usr/lib/jvm/java-11-openjdk-amd64/lib/jli/libjli.so
7effff4d0000-7effff4d1000 ---p 00010000 08:12 479428                     /usr/lib/jvm/java-11-openjdk-amd64/lib/jli/libjli.so
7effff4d1000-7effff4d2000 r--p 00010000 08:12 479428                     /usr/lib/jvm/java-11-openjdk-amd64/lib/jli/libjli.so
7effff4d2000-7effff4d3000 rw-p 00011000 08:12 479428                     /usr/lib/jvm/java-11-openjdk-amd64/lib/jli/libjli.so
7effff4d3000-7effff4d9000 r--p 00000000 08:12 404851                     /usr/lib/x86_64-linux-gnu/libpthread-2.28.so
7effff4d9000-7effff4e8000 r-xp 00006000 08:12 404851                     /usr/lib/x86_64-linux-gnu/libpthread-2.28.so
7effff4e8000-7effff4ee000 r--p 00015000 08:12 404851                     /usr/lib/x86_64-linux-gnu/libpthread-2.28.so
7effff4ee000-7effff4ef000 r--p 0001a000 08:12 404851                     /usr/lib/x86_64-linux-gnu/libpthread-2.28.so
7effff4ef000-7effff4f0000 rw-p 0001b000 08:12 404851                     /usr/lib/x86_64-linux-gnu/libpthread-2.28.so
7effff4f0000-7effff4f4000 rw-p 00000000 00:00 0 
7effff4f4000-7effff510000 r-xp 00000000 08:12 405347                     /usr/lib/x86_64-linux-gnu/libz.so.1.2.11
7effff510000-7effff710000 ---p 0001c000 08:12 405347                     /usr/lib/x86_64-linux-gnu/libz.so.1.2.11
7effff710000-7effff711000 r--p 0001c000 08:12 405347                     /usr/lib/x86_64-linux-gnu/libz.so.1.2.11
7effff711000-7effff712000 rw-p 0001d000 08:12 405347                     /usr/lib/x86_64-linux-gnu/libz.so.1.2.11
7effff712000-7effff714000 rw-p 00000000 00:00 0 
7effff715000-7effff717000 r--p 00000000 08:12 479448                     /usr/lib/jvm/java-11-openjdk-amd64/lib/libjimage.so
7effff717000-7effff71a000 r-xp 00002000 08:12 479448                     /usr/lib/jvm/java-11-openjdk-amd64/lib/libjimage.so
7effff71a000-7effff71c000 r--p 00005000 08:12 479448                     /usr/lib/jvm/java-11-openjdk-amd64/lib/libjimage.so
7effff71c000-7effff71d000 r--p 00006000 08:12 479448                     /usr/lib/jvm/java-11-openjdk-amd64/lib/libjimage.so
7effff71d000-7effff71e000 rw-p 00007000 08:12 479448                     /usr/lib/jvm/java-11-openjdk-amd64/lib/libjimage.so
7effff71e000-7effff723000 r--p 00000000 08:12 479464                     /usr/lib/jvm/java-11-openjdk-amd64/lib/libverify.so
7effff723000-7effff72a000 r-xp 00005000 08:12 479464                     /usr/lib/jvm/java-11-openjdk-amd64/lib/libverify.so
7effff72a000-7effff72c000 r--p 0000c000 08:12 479464                     /usr/lib/jvm/java-11-openjdk-amd64/lib/libverify.so
7effff72c000-7effff72e000 r--p 0000d000 08:12 479464                     /usr/lib/jvm/java-11-openjdk-amd64/lib/libverify.so
7effff72e000-7effff72f000 rw-p 0000f000 08:12 479464                     /usr/lib/jvm/java-11-openjdk-amd64/lib/libverify.so
7effff72f000-7effff730000 r--p 00000000 08:12 403181                     /usr/lib/x86_64-linux-gnu/ld-2.28.so
7effff730000-7effff74e000 r-xp 00001000 08:12 403181                     /usr/lib/x86_64-linux-gnu/ld-2.28.so
7effff74e000-7effff756000 r--p 0001f000 08:12 403181                     /usr/lib/x86_64-linux-gnu/ld-2.28.so
7effff756000-7effff757000 r--p 00026000 08:12 403181                     /usr/lib/x86_64-linux-gnu/ld-2.28.so
7effff757000-7effff758000 rw-p 00027000 08:12 403181                     /usr/lib/x86_64-linux-gnu/ld-2.28.so
7effff758000-7effff759000 rw-p 00000000 00:00 0 
7fff0c61d000-7fff0c63e000 rw-p 00000000 00:00 0                          [stack]
7fff0c6d1000-7fff0c6d4000 r--p 00000000 00:00 0                          [vvar]
7fff0c6d4000-7fff0c6d6000 r-xp 00000000 00:00 0                          [vdso]


VM Arguments:
jvm_args: -Dapplication.home=/usr/lib/jvm/java-11-openjdk-amd64 --add-modules=ALL-DEFAULT -Xms8m -Djdk.module.main=jdk.compiler 
java_command: jdk.compiler/com.sun.tools.javac.Main -Xlint -sourcepath /home/carper/local/projects/sbdemo/api/src/main/java/ -d /tmp/vk7D8vg/33 /tmp/vk7D8vg/34/PriceService.java
java_class_path (initial): <not set>
Launcher Type: SUN_STANDARD

[Global flags]
     intx CICompilerCount                          = 3                                         {product} {ergonomic}
     uint ConcGCThreads                            = 1                                         {product} {ergonomic}
     uint G1ConcRefinementThreads                  = 4                                         {product} {ergonomic}
   size_t G1HeapRegionSize                         = 1048576                                   {product} {ergonomic}
    uintx GCDrainStackTargetSize                   = 64                                        {product} {ergonomic}
   size_t InitialHeapSize                          = 8388608                                   {product} {command line}
   size_t MarkStackSize                            = 4194304                                   {product} {ergonomic}
   size_t MaxHeapSize                              = 2067791872                                {product} {ergonomic}
   size_t MaxNewSize                               = 1240465408                                {product} {ergonomic}
   size_t MinHeapDeltaBytes                        = 1048576                                   {product} {ergonomic}
    uintx NonNMethodCodeHeapSize                   = 5830732                                {pd product} {ergonomic}
    uintx NonProfiledCodeHeapSize                  = 122913754                              {pd product} {ergonomic}
    uintx ProfiledCodeHeapSize                     = 122913754                              {pd product} {ergonomic}
    uintx ReservedCodeCacheSize                    = 251658240                              {pd product} {ergonomic}
     bool SegmentedCodeCache                       = true                                      {product} {ergonomic}
     bool UseCompressedClassPointers               = true                                 {lp64_product} {ergonomic}
     bool UseCompressedOops                        = true                                 {lp64_product} {ergonomic}
     bool UseG1GC                                  = true                                      {product} {ergonomic}

Logging:
Log output configuration:
 #0: stdout all=warning uptime,level,tags
 #1: stderr all=off uptime,level,tags

Environment Variables:
PATH=/usr/local/bin:/usr/bin:/bin:/usr/local/games:/usr/games
SHELL=/bin/bash
DISPLAY=:0.0
LANG=en_US.UTF-8
LC_ALL=

Signal Handlers:
SIGSEGV: [libjvm.so+0xe170c0], sa_mask[0]=11111111011111111101111111111110, sa_flags=SA_RESTART|SA_SIGINFO
SIGBUS: [libjvm.so+0xe170c0], sa_mask[0]=11111111011111111101111111111110, sa_flags=SA_RESTART|SA_SIGINFO
SIGFPE: [libjvm.so+0xe170c0], sa_mask[0]=11111111011111111101111111111110, sa_flags=SA_RESTART|SA_SIGINFO
SIGPIPE: [libjvm.so+0xb6c750], sa_mask[0]=11111111011111111101111111111110, sa_flags=SA_RESTART|SA_SIGINFO
SIGXFSZ: [libjvm.so+0xb6c750], sa_mask[0]=11111111011111111101111111111110, sa_flags=SA_RESTART|SA_SIGINFO
SIGILL: [libjvm.so+0xe170c0], sa_mask[0]=11111111011111111101111111111110, sa_flags=SA_RESTART|SA_SIGINFO
SIGUSR2: [libjvm.so+0xb6c5e0], sa_mask[0]=00000000000000000000000000000000, sa_flags=SA_RESTART|SA_SIGINFO
SIGHUP: [libjvm.so+0xb6ca90], sa_mask[0]=11111111011111111101111111111110, sa_flags=SA_RESTART|SA_SIGINFO
SIGINT: [libjvm.so+0xb6ca90], sa_mask[0]=11111111011111111101111111111110, sa_flags=SA_RESTART|SA_SIGINFO
SIGTERM: [libjvm.so+0xb6ca90], sa_mask[0]=11111111011111111101111111111110, sa_flags=SA_RESTART|SA_SIGINFO
SIGQUIT: [libjvm.so+0xb6ca90], sa_mask[0]=11111111011111111101111111111110, sa_flags=SA_RESTART|SA_SIGINFO


---------------  S Y S T E M  ---------------

OS:PRETTY_NAME="MX 19.2 patito feo"
DISTRIB_ID=MX
DISTRIB_RELEASE=19.2
DISTRIB_CODENAME="patito feo"
DISTRIB_DESCRIPTION="MX 19.2 patito feo"
uname:Linux 4.19.0-9-amd64 #1 SMP Debian 4.19.118-2 (2020-04-29) x86_64
OS uptime: 0 days 1:31 hours
libc:glibc 2.28 NPTL 2.28 
rlimit (soft/hard): STACK 8192k/infinity , CORE 0k/infinity , NPROC 30777/30777 , NOFILE 4096/4096 , AS infinity/infinity , CPU infinity/infinity , DATA infinity/infinity , FSIZE infinity/infinity , MEMLOCK 64k/64k
load average:0.43 0.64 0.98

/proc/meminfo:
MemTotal:        8074332 kB
MemFree:         3269764 kB
MemAvailable:    5332976 kB
Buffers:          102968 kB
Cached:          2196432 kB
SwapCached:            0 kB
Active:          2719208 kB
Inactive:        1818652 kB
Active(anon):    1974644 kB
Inactive(anon):   317864 kB
Active(file):     744564 kB
Inactive(file):  1500788 kB
Unevictable:          96 kB
Mlocked:              96 kB
SwapTotal:             0 kB
SwapFree:              0 kB
Dirty:               144 kB
Writeback:             0 kB
AnonPages:       2198552 kB
Mapped:           733420 kB
Shmem:            319240 kB
Slab:             139816 kB
SReclaimable:      84132 kB
SUnreclaim:        55684 kB
KernelStack:       10768 kB
PageTables:        29576 kB
NFS_Unstable:          0 kB
Bounce:                0 kB
WritebackTmp:          0 kB
CommitLimit:     4037164 kB
Committed_AS:    6640580 kB
VmallocTotal:   34359738367 kB
VmallocUsed:           0 kB
VmallocChunk:          0 kB
Percpu:              912 kB
HardwareCorrupted:     0 kB
AnonHugePages:    612352 kB
ShmemHugePages:        0 kB
ShmemPmdMapped:        0 kB
HugePages_Total:       0
HugePages_Free:        0
HugePages_Rsvd:        0
HugePages_Surp:        0
Hugepagesize:       2048 kB
Hugetlb:               0 kB
DirectMap4k:      213612 kB
DirectMap2M:     8079360 kB

/sys/kernel/mm/transparent_hugepage/enabled:
[always] madvise never
/sys/kernel/mm/transparent_hugepage/defrag (defrag/compaction efforts parameter):
always defer defer+madvise [madvise] never

/proc/sys/kernel/threads-max (system-wide limit on the number of threads):
61555
/proc/sys/vm/max_map_count (maximum number of memory map areas a process may have):
65530
/proc/sys/kernel/pid_max (system-wide limit on number of process identifiers):
32768

container (cgroup) information:
container_type: cgroupv1
cpu_cpuset_cpus: 0-3
cpu_memory_nodes: 0
active_processor_count: 4
cpu_quota: -1
cpu_period: 100000
cpu_shares: -1
memory_limit_in_bytes: -1
memory_and_swap_limit_in_bytes: -2
memory_soft_limit_in_bytes: -1
memory_usage_in_bytes: 4053430272
memory_max_usage_in_bytes: 4632727552

Steal ticks since vm start: 0
Steal ticks percentage since vm start:  0.000

CPU:total 4 (initial active 4) (2 cores per cpu, 2 threads per core) family 6 model 58 stepping 9, cmov, cx8, fxsr, mmx, sse, sse2, sse3, ssse3, sse4.1, sse4.2, popcnt, avx, aes, clmul, erms, ht, tsc, tscinvbit, tscinv
CPU Model and flags from /proc/cpuinfo:
model name	: Intel(R) Core(TM) i7-3520M CPU @ 2.90GHz
flags		: fpu vme de pse tsc msr pae mce cx8 apic sep mtrr pge mca cmov pat pse36 clflush dts acpi mmx fxsr sse sse2 ss ht tm pbe syscall nx rdtscp lm constant_tsc arch_perfmon pebs bts rep_good nopl xtopology nonstop_tsc cpuid aperfmperf pni pclmulqdq dtes64 monitor ds_cpl vmx smx est tm2 ssse3 cx16 xtpr pdcm pcid sse4_1 sse4_2 x2apic popcnt tsc_deadline_timer aes xsave avx f16c rdrand lahf_lm cpuid_fault pti ssbd ibrs ibpb stibp tpr_shadow vnmi flexpriority ept vpid fsgsbase smep erms xsaveopt dtherm ida arat pln pts md_clear flush_l1d
Online cpus:
0-3
Offline cpus:

BIOS frequency limitation:
<Not Available>
Frequency switch latency (ns):
0
Available cpu frequencies:
<Not Available>
Current governor:
powersave
Core performance/turbo boost:
<Not Available>

Memory: 4k page, physical 8074332k(3269512k free), swap 0k(0k free)

vm_info: OpenJDK 64-Bit Server VM (11.0.9.1+1-post-Debian-1deb10u2) for linux-amd64 JRE (11.0.9.1+1-post-Debian-1deb10u2), built on Nov 28 2020 17:42:37 by "unknown" with gcc 8.3.0

END.
